#! /usr/bin/vvp
:ivl_version "11.0 (stable)";
:ivl_delay_selection "TYPICAL";
:vpi_time_precision + 0;
:vpi_module "/usr/lib/x86_64-linux-gnu/ivl/system.vpi";
:vpi_module "/usr/lib/x86_64-linux-gnu/ivl/vhdl_sys.vpi";
:vpi_module "/usr/lib/x86_64-linux-gnu/ivl/vhdl_textio.vpi";
:vpi_module "/usr/lib/x86_64-linux-gnu/ivl/v2005_math.vpi";
:vpi_module "/usr/lib/x86_64-linux-gnu/ivl/va_math.vpi";
S_0x5bb1488b0660 .scope module, "tb_adder" "tb_adder" 2 1;
 .timescale 0 0;
    .port_info 0 /OUTPUT 32 "a_tb";
    .port_info 1 /OUTPUT 32 "b_tb";
    .port_info 2 /INPUT 32 "s_tb";
v0x5bb1488c1c60_0 .var "a_tb", 31 0;
v0x5bb1488c1d50_0 .var "b_tb", 31 0;
v0x5bb1488c1e20_0 .net "s_tb", 31 0, L_0x5bb1488c1f60;  1 drivers
S_0x5bb1488b0840 .scope module, "dut" "adder" 2 6, 3 1 0, S_0x5bb1488b0660;
 .timescale 0 0;
    .port_info 0 /INPUT 32 "a";
    .port_info 1 /INPUT 32 "b";
    .port_info 2 /OUTPUT 32 "s";
P_0x5bb1488b0a20 .param/l "N" 0 3 1, +C4<00000000000000000000000000100000>;
v0x5bb148878ba0_0 .net "a", 31 0, v0x5bb1488c1c60_0;  1 drivers
v0x5bb1488c1a10_0 .net "b", 31 0, v0x5bb1488c1d50_0;  1 drivers
v0x5bb1488c1af0_0 .net "s", 31 0, L_0x5bb1488c1f60;  alias, 1 drivers
L_0x5bb1488c1f60 .arith/sum 32, v0x5bb1488c1c60_0, v0x5bb1488c1d50_0;
    .scope S_0x5bb1488b0660;
T_0 ;
    %vpi_call 2 12 "$dumpfile", "adder.vcd" {0 0 0};
    %vpi_call 2 13 "$dumpvars", 32'sb00000000000000000000000000000000, S_0x5bb1488b0660 {0 0 0};
    %pushi/vec4 0, 0, 32;
    %store/vec4 v0x5bb1488c1c60_0, 0, 32;
    %pushi/vec4 4, 0, 32;
    %store/vec4 v0x5bb1488c1d50_0, 0, 32;
    %delay 1, 0;
    %pushi/vec4 4194304004, 0, 32;
    %store/vec4 v0x5bb1488c1c60_0, 0, 32;
    %delay 1, 0;
    %pushi/vec4 4278190088, 0, 32;
    %store/vec4 v0x5bb1488c1d50_0, 0, 32;
    %vpi_call 2 18 "$finish" {0 0 0};
    %end;
    .thread T_0;
# The file index is used to find the file name in the following table.
:file_names 4;
    "N/A";
    "<interactive>";
    "./tb/tb_adder.v";
    "./src/adder.v";
