#! /usr/bin/vvp
:ivl_version "11.0 (stable)";
:ivl_delay_selection "TYPICAL";
:vpi_time_precision + 0;
:vpi_module "/usr/lib/x86_64-linux-gnu/ivl/system.vpi";
:vpi_module "/usr/lib/x86_64-linux-gnu/ivl/vhdl_sys.vpi";
:vpi_module "/usr/lib/x86_64-linux-gnu/ivl/vhdl_textio.vpi";
:vpi_module "/usr/lib/x86_64-linux-gnu/ivl/v2005_math.vpi";
:vpi_module "/usr/lib/x86_64-linux-gnu/ivl/va_math.vpi";
S_0x642a8faf8ff0 .scope module, "tb_branchCtrl" "tb_branchCtrl" 2 1;
 .timescale 0 0;
    .port_info 0 /OUTPUT 3 "bCtrl_tb";
    .port_info 1 /OUTPUT 32 "r1_tb";
    .port_info 2 /OUTPUT 32 "r2_tb";
    .port_info 3 /INPUT 1 "bSel_tb";
v0x642a8fb13710_0 .var "bCtrl_tb", 2 0;
v0x642a8fb137f0_0 .net "bSel_tb", 0 0, v0x642a8fb13170_0;  1 drivers
v0x642a8fb13890_0 .var "r1_tb", 31 0;
v0x642a8fb13960_0 .var "r2_tb", 31 0;
S_0x642a8faf91f0 .scope module, "dut" "branchCtrl" 2 7, 3 1 0, S_0x642a8faf8ff0;
 .timescale 0 0;
    .port_info 0 /INPUT 3 "bCtrl";
    .port_info 1 /INPUT 32 "r1";
    .port_info 2 /INPUT 32 "r2";
    .port_info 3 /OUTPUT 1 "bSel";
L_0x642a8fb13aa0 .functor NOT 32, v0x642a8fb13960_0, C4<00000000000000000000000000000000>, C4<00000000000000000000000000000000>, C4<00000000000000000000000000000000>;
L_0x642a8fb13ea0 .functor XOR 1, L_0x642a8fb24160, L_0x642a8fb24200, C4<0>, C4<0>;
v0x642a8fabbcf0_0 .net "LT", 0 0, L_0x642a8fb24510;  1 drivers
v0x642a8fb12440_0 .net "LTU", 0 0, L_0x642a8fb246a0;  1 drivers
v0x642a8fb12500_0 .net *"_ivl_10", 32 0, L_0x642a8fb13e00;  1 drivers
L_0x78f9abe6f0a8 .functor BUFT 1, C4<000000000000000000000000000000001>, C4<0>, C4<0>, C4<0>;
v0x642a8fb125c0_0 .net/2u *"_ivl_12", 32 0, L_0x78f9abe6f0a8;  1 drivers
v0x642a8fb126a0_0 .net *"_ivl_17", 0 0, L_0x642a8fb24160;  1 drivers
v0x642a8fb127d0_0 .net *"_ivl_19", 0 0, L_0x642a8fb24200;  1 drivers
L_0x78f9abe6f018 .functor BUFT 1, C4<1>, C4<0>, C4<0>, C4<0>;
v0x642a8fb128b0_0 .net/2u *"_ivl_2", 0 0, L_0x78f9abe6f018;  1 drivers
v0x642a8fb12990_0 .net *"_ivl_20", 0 0, L_0x642a8fb13ea0;  1 drivers
v0x642a8fb12a70_0 .net *"_ivl_23", 0 0, L_0x642a8fb24380;  1 drivers
v0x642a8fb12b50_0 .net *"_ivl_25", 0 0, L_0x642a8fb24420;  1 drivers
v0x642a8fb12c30_0 .net *"_ivl_31", 31 0, L_0x642a8fb247a0;  1 drivers
L_0x78f9abe6f0f0 .functor BUFT 1, C4<00000000000000000000000000000000>, C4<0>, C4<0>, C4<0>;
v0x642a8fb12d10_0 .net/2u *"_ivl_32", 31 0, L_0x78f9abe6f0f0;  1 drivers
v0x642a8fb12df0_0 .net *"_ivl_4", 32 0, L_0x642a8fb13b30;  1 drivers
L_0x78f9abe6f060 .functor BUFT 1, C4<0>, C4<0>, C4<0>, C4<0>;
v0x642a8fb12ed0_0 .net/2u *"_ivl_6", 0 0, L_0x78f9abe6f060;  1 drivers
v0x642a8fb12fb0_0 .net *"_ivl_8", 32 0, L_0x642a8fb13cc0;  1 drivers
v0x642a8fb13090_0 .net "bCtrl", 2 0, v0x642a8fb13710_0;  1 drivers
v0x642a8fb13170_0 .var "bSel", 0 0;
v0x642a8fb13250_0 .net "condinv", 31 0, L_0x642a8fb13aa0;  1 drivers
v0x642a8fb13330_0 .net "is_sum_zero", 0 0, L_0x642a8fb24840;  1 drivers
v0x642a8fb133f0_0 .net "r1", 31 0, v0x642a8fb13890_0;  1 drivers
v0x642a8fb134d0_0 .net "r2", 31 0, v0x642a8fb13960_0;  1 drivers
v0x642a8fb135b0_0 .net "sum", 32 0, L_0x642a8fb23fc0;  1 drivers
E_0x642a8faf4f40 .event edge, v0x642a8fb13090_0, v0x642a8fb13330_0, v0x642a8fabbcf0_0, v0x642a8fb12440_0;
L_0x642a8fb13b30 .concat [ 32 1 0 0], L_0x642a8fb13aa0, L_0x78f9abe6f018;
L_0x642a8fb13cc0 .concat [ 32 1 0 0], v0x642a8fb13890_0, L_0x78f9abe6f060;
L_0x642a8fb13e00 .arith/sum 33, L_0x642a8fb13b30, L_0x642a8fb13cc0;
L_0x642a8fb23fc0 .arith/sum 33, L_0x642a8fb13e00, L_0x78f9abe6f0a8;
L_0x642a8fb24160 .part v0x642a8fb13890_0, 31, 1;
L_0x642a8fb24200 .part v0x642a8fb13960_0, 31, 1;
L_0x642a8fb24380 .part v0x642a8fb13890_0, 31, 1;
L_0x642a8fb24420 .part L_0x642a8fb23fc0, 32, 1;
L_0x642a8fb24510 .functor MUXZ 1, L_0x642a8fb24420, L_0x642a8fb24380, L_0x642a8fb13ea0, C4<>;
L_0x642a8fb246a0 .part L_0x642a8fb23fc0, 32, 1;
L_0x642a8fb247a0 .part L_0x642a8fb23fc0, 0, 32;
L_0x642a8fb24840 .cmp/eq 32, L_0x642a8fb247a0, L_0x78f9abe6f0f0;
    .scope S_0x642a8faf91f0;
T_0 ;
    %wait E_0x642a8faf4f40;
    %pushi/vec4 0, 0, 1;
    %store/vec4 v0x642a8fb13170_0, 0, 1;
    %load/vec4 v0x642a8fb13090_0;
    %dup/vec4;
    %pushi/vec4 0, 0, 3;
    %cmp/u;
    %jmp/1 T_0.0, 6;
    %dup/vec4;
    %pushi/vec4 1, 0, 3;
    %cmp/u;
    %jmp/1 T_0.1, 6;
    %dup/vec4;
    %pushi/vec4 2, 0, 3;
    %cmp/u;
    %jmp/1 T_0.2, 6;
    %dup/vec4;
    %pushi/vec4 3, 0, 3;
    %cmp/u;
    %jmp/1 T_0.3, 6;
    %dup/vec4;
    %pushi/vec4 4, 0, 3;
    %cmp/u;
    %jmp/1 T_0.4, 6;
    %dup/vec4;
    %pushi/vec4 5, 0, 3;
    %cmp/u;
    %jmp/1 T_0.5, 6;
    %pushi/vec4 0, 0, 1;
    %store/vec4 v0x642a8fb13170_0, 0, 1;
    %jmp T_0.7;
T_0.0 ;
    %load/vec4 v0x642a8fb13330_0;
    %store/vec4 v0x642a8fb13170_0, 0, 1;
    %jmp T_0.7;
T_0.1 ;
    %load/vec4 v0x642a8fb13330_0;
    %nor/r;
    %store/vec4 v0x642a8fb13170_0, 0, 1;
    %jmp T_0.7;
T_0.2 ;
    %load/vec4 v0x642a8fabbcf0_0;
    %store/vec4 v0x642a8fb13170_0, 0, 1;
    %jmp T_0.7;
T_0.3 ;
    %load/vec4 v0x642a8fb12440_0;
    %store/vec4 v0x642a8fb13170_0, 0, 1;
    %jmp T_0.7;
T_0.4 ;
    %load/vec4 v0x642a8fabbcf0_0;
    %nor/r;
    %store/vec4 v0x642a8fb13170_0, 0, 1;
    %jmp T_0.7;
T_0.5 ;
    %load/vec4 v0x642a8fb12440_0;
    %nor/r;
    %store/vec4 v0x642a8fb13170_0, 0, 1;
    %jmp T_0.7;
T_0.7 ;
    %pop/vec4 1;
    %jmp T_0;
    .thread T_0, $push;
    .scope S_0x642a8faf8ff0;
T_1 ;
    %vpi_call 2 14 "$dumpfile", "branchCtrl.vcd" {0 0 0};
    %vpi_call 2 15 "$dumpvars", 32'sb00000000000000000000000000000000, S_0x642a8faf8ff0 {0 0 0};
    %pushi/vec4 0, 0, 3;
    %store/vec4 v0x642a8fb13710_0, 0, 3;
    %pushi/vec4 4026531840, 0, 32;
    %store/vec4 v0x642a8fb13890_0, 0, 32;
    %pushi/vec4 4026531840, 0, 32;
    %store/vec4 v0x642a8fb13960_0, 0, 32;
    %delay 1, 0;
    %pushi/vec4 1, 0, 3;
    %store/vec4 v0x642a8fb13710_0, 0, 3;
    %delay 1, 0;
    %pushi/vec4 2, 0, 3;
    %store/vec4 v0x642a8fb13710_0, 0, 3;
    %delay 1, 0;
    %pushi/vec4 4026531841, 0, 32;
    %store/vec4 v0x642a8fb13960_0, 0, 32;
    %delay 1, 0;
    %pushi/vec4 3, 0, 3;
    %store/vec4 v0x642a8fb13710_0, 0, 3;
    %delay 1, 0;
    %pushi/vec4 7, 0, 3;
    %store/vec4 v0x642a8fb13710_0, 0, 3;
    %delay 1, 0;
    %pushi/vec4 4, 0, 3;
    %store/vec4 v0x642a8fb13710_0, 0, 3;
    %delay 1, 0;
    %pushi/vec4 4294967295, 0, 32;
    %store/vec4 v0x642a8fb13960_0, 0, 32;
    %delay 1, 0;
    %pushi/vec4 5, 0, 3;
    %store/vec4 v0x642a8fb13710_0, 0, 3;
    %delay 1, 0;
    %vpi_call 2 27 "$finish" {0 0 0};
    %end;
    .thread T_1;
# The file index is used to find the file name in the following table.
:file_names 4;
    "N/A";
    "<interactive>";
    "./tb/tb_branchCtrl.v";
    "./src/branchCtrl.v";
