#! /usr/bin/vvp
:ivl_version "11.0 (stable)";
:ivl_delay_selection "TYPICAL";
:vpi_time_precision + 0;
:vpi_module "/usr/lib/x86_64-linux-gnu/ivl/system.vpi";
:vpi_module "/usr/lib/x86_64-linux-gnu/ivl/vhdl_sys.vpi";
:vpi_module "/usr/lib/x86_64-linux-gnu/ivl/vhdl_textio.vpi";
:vpi_module "/usr/lib/x86_64-linux-gnu/ivl/v2005_math.vpi";
:vpi_module "/usr/lib/x86_64-linux-gnu/ivl/va_math.vpi";
S_0x6221de6bbdf0 .scope module, "tb_controller" "tb_controller" 2 1;
 .timescale 0 0;
v0x6221de737810_0 .net "aluOp_tb", 3 0, v0x6221de6bd7b0_0;  1 drivers
v0x6221de7378f0_0 .net "aluS1_tb", 0 0, v0x6221de6bdba0_0;  1 drivers
v0x6221de7379c0_0 .net "aluS2_tb", 0 0, v0x6221de736d40_0;  1 drivers
v0x6221de737ac0_0 .net "branchCtrl_tb", 2 0, v0x6221de736de0_0;  1 drivers
v0x6221de737b90_0 .net "doBranch_tb", 0 0, v0x6221de736ec0_0;  1 drivers
v0x6221de737c30_0 .net "doJump_tb", 0 0, v0x6221de736fd0_0;  1 drivers
v0x6221de737d00_0 .var "f3_tb", 2 0;
v0x6221de737dd0_0 .var "f7_tb", 6 0;
v0x6221de737ea0_0 .net "memCtrl_tb", 2 0, v0x6221de737250_0;  1 drivers
v0x6221de737f70_0 .net "memWR_tb", 0 0, v0x6221de737330_0;  1 drivers
v0x6221de738040_0 .var "opcode_tb", 6 0;
v0x6221de738110_0 .net "regWR_tb", 0 0, v0x6221de7374d0_0;  1 drivers
v0x6221de7381e0_0 .net "wbCtrl_tb", 1 0, v0x6221de737590_0;  1 drivers
S_0x6221de6bbf80 .scope module, "dut" "controller" 2 13, 3 1 0, S_0x6221de6bbdf0;
 .timescale 0 0;
    .port_info 0 /INPUT 3 "f3";
    .port_info 1 /INPUT 7 "f7";
    .port_info 2 /INPUT 7 "opcode";
    .port_info 3 /OUTPUT 1 "regWR";
    .port_info 4 /OUTPUT 1 "memWR";
    .port_info 5 /OUTPUT 2 "wbCtrl";
    .port_info 6 /OUTPUT 4 "aluOp";
    .port_info 7 /OUTPUT 1 "aluS1";
    .port_info 8 /OUTPUT 1 "aluS2";
    .port_info 9 /OUTPUT 3 "branchCtrl";
    .port_info 10 /OUTPUT 3 "memCtrl";
    .port_info 11 /OUTPUT 1 "doJump";
    .port_info 12 /OUTPUT 1 "doBranch";
v0x6221de6bd7b0_0 .var "aluOp", 3 0;
v0x6221de6bdba0_0 .var "aluS1", 0 0;
v0x6221de736d40_0 .var "aluS2", 0 0;
v0x6221de736de0_0 .var "branchCtrl", 2 0;
v0x6221de736ec0_0 .var "doBranch", 0 0;
v0x6221de736fd0_0 .var "doJump", 0 0;
v0x6221de737090_0 .net "f3", 2 0, v0x6221de737d00_0;  1 drivers
v0x6221de737170_0 .net "f7", 6 0, v0x6221de737dd0_0;  1 drivers
v0x6221de737250_0 .var "memCtrl", 2 0;
v0x6221de737330_0 .var "memWR", 0 0;
v0x6221de7373f0_0 .net "opcode", 6 0, v0x6221de738040_0;  1 drivers
v0x6221de7374d0_0 .var "regWR", 0 0;
v0x6221de737590_0 .var "wbCtrl", 1 0;
E_0x6221de707dc0 .event edge, v0x6221de7373f0_0, v0x6221de737090_0, v0x6221de737170_0;
    .scope S_0x6221de6bbf80;
T_0 ;
    %wait E_0x6221de707dc0;
    %pushi/vec4 0, 0, 1;
    %store/vec4 v0x6221de7374d0_0, 0, 1;
    %pushi/vec4 0, 0, 1;
    %store/vec4 v0x6221de6bdba0_0, 0, 1;
    %pushi/vec4 0, 0, 1;
    %store/vec4 v0x6221de736d40_0, 0, 1;
    %pushi/vec4 0, 0, 1;
    %store/vec4 v0x6221de737330_0, 0, 1;
    %pushi/vec4 3, 0, 3;
    %store/vec4 v0x6221de736de0_0, 0, 3;
    %pushi/vec4 0, 0, 1;
    %store/vec4 v0x6221de736fd0_0, 0, 1;
    %pushi/vec4 0, 0, 1;
    %store/vec4 v0x6221de736ec0_0, 0, 1;
    %pushi/vec4 0, 0, 3;
    %store/vec4 v0x6221de737250_0, 0, 3;
    %pushi/vec4 9, 0, 4;
    %store/vec4 v0x6221de6bd7b0_0, 0, 4;
    %pushi/vec4 3, 0, 2;
    %store/vec4 v0x6221de737590_0, 0, 2;
    %load/vec4 v0x6221de7373f0_0;
    %dup/vec4;
    %pushi/vec4 51, 0, 7;
    %cmp/u;
    %jmp/1 T_0.0, 6;
    %dup/vec4;
    %pushi/vec4 19, 0, 7;
    %cmp/u;
    %jmp/1 T_0.1, 6;
    %dup/vec4;
    %pushi/vec4 3, 0, 7;
    %cmp/u;
    %jmp/1 T_0.2, 6;
    %dup/vec4;
    %pushi/vec4 35, 0, 7;
    %cmp/u;
    %jmp/1 T_0.3, 6;
    %dup/vec4;
    %pushi/vec4 99, 0, 7;
    %cmp/u;
    %jmp/1 T_0.4, 6;
    %dup/vec4;
    %pushi/vec4 55, 0, 7;
    %cmp/u;
    %jmp/1 T_0.5, 6;
    %dup/vec4;
    %pushi/vec4 23, 0, 7;
    %cmp/u;
    %jmp/1 T_0.6, 6;
    %dup/vec4;
    %pushi/vec4 111, 0, 7;
    %cmp/u;
    %jmp/1 T_0.7, 6;
    %dup/vec4;
    %pushi/vec4 103, 0, 7;
    %cmp/u;
    %jmp/1 T_0.8, 6;
    %pushi/vec4 0, 0, 1;
    %store/vec4 v0x6221de7374d0_0, 0, 1;
    %pushi/vec4 0, 0, 1;
    %store/vec4 v0x6221de737330_0, 0, 1;
    %pushi/vec4 3, 0, 2;
    %store/vec4 v0x6221de737590_0, 0, 2;
    %pushi/vec4 0, 0, 1;
    %store/vec4 v0x6221de6bdba0_0, 0, 1;
    %pushi/vec4 0, 0, 1;
    %store/vec4 v0x6221de736d40_0, 0, 1;
    %pushi/vec4 0, 0, 1;
    %store/vec4 v0x6221de736fd0_0, 0, 1;
    %pushi/vec4 0, 0, 1;
    %store/vec4 v0x6221de736ec0_0, 0, 1;
    %pushi/vec4 3, 0, 3;
    %store/vec4 v0x6221de736de0_0, 0, 3;
    %pushi/vec4 9, 0, 4;
    %store/vec4 v0x6221de6bd7b0_0, 0, 4;
    %pushi/vec4 0, 0, 3;
    %store/vec4 v0x6221de737250_0, 0, 3;
    %jmp T_0.10;
T_0.0 ;
    %pushi/vec4 1, 0, 1;
    %store/vec4 v0x6221de7374d0_0, 0, 1;
    %pushi/vec4 0, 0, 2;
    %store/vec4 v0x6221de737590_0, 0, 2;
    %pushi/vec4 0, 0, 1;
    %store/vec4 v0x6221de6bdba0_0, 0, 1;
    %pushi/vec4 1, 0, 1;
    %store/vec4 v0x6221de736d40_0, 0, 1;
    %load/vec4 v0x6221de737090_0;
    %dup/vec4;
    %pushi/vec4 0, 0, 3;
    %cmp/u;
    %jmp/1 T_0.11, 6;
    %dup/vec4;
    %pushi/vec4 5, 0, 3;
    %cmp/u;
    %jmp/1 T_0.12, 6;
    %dup/vec4;
    %pushi/vec4 1, 0, 3;
    %cmp/u;
    %jmp/1 T_0.13, 6;
    %dup/vec4;
    %pushi/vec4 2, 0, 3;
    %cmp/u;
    %jmp/1 T_0.14, 6;
    %dup/vec4;
    %pushi/vec4 3, 0, 3;
    %cmp/u;
    %jmp/1 T_0.15, 6;
    %dup/vec4;
    %pushi/vec4 4, 0, 3;
    %cmp/u;
    %jmp/1 T_0.16, 6;
    %dup/vec4;
    %pushi/vec4 6, 0, 3;
    %cmp/u;
    %jmp/1 T_0.17, 6;
    %dup/vec4;
    %pushi/vec4 7, 0, 3;
    %cmp/u;
    %jmp/1 T_0.18, 6;
    %jmp T_0.19;
T_0.11 ;
    %load/vec4 v0x6221de737170_0;
    %parti/s 1, 5, 4;
    %cmpi/e 1, 0, 1;
    %flag_mov 8, 4;
    %jmp/0 T_0.20, 8;
    %pushi/vec4 1, 0, 1;
    %load/vec4 v0x6221de737090_0;
    %concat/vec4; draw_concat_vec4
    %jmp/1 T_0.21, 8;
T_0.20 ; End of true expr.
    %pushi/vec4 0, 0, 1;
    %load/vec4 v0x6221de737090_0;
    %concat/vec4; draw_concat_vec4
    %jmp/0 T_0.21, 8;
 ; End of false expr.
    %blend;
T_0.21;
    %store/vec4 v0x6221de6bd7b0_0, 0, 4;
    %jmp T_0.19;
T_0.12 ;
    %load/vec4 v0x6221de737170_0;
    %parti/s 1, 5, 4;
    %cmpi/e 1, 0, 1;
    %flag_mov 8, 4;
    %jmp/0 T_0.22, 8;
    %pushi/vec4 1, 0, 1;
    %load/vec4 v0x6221de737090_0;
    %concat/vec4; draw_concat_vec4
    %jmp/1 T_0.23, 8;
T_0.22 ; End of true expr.
    %pushi/vec4 0, 0, 1;
    %load/vec4 v0x6221de737090_0;
    %concat/vec4; draw_concat_vec4
    %jmp/0 T_0.23, 8;
 ; End of false expr.
    %blend;
T_0.23;
    %store/vec4 v0x6221de6bd7b0_0, 0, 4;
    %jmp T_0.19;
T_0.13 ;
    %load/vec4 v0x6221de737170_0;
    %cmpi/e 0, 0, 7;
    %flag_mov 8, 4;
    %jmp/0 T_0.24, 8;
    %pushi/vec4 0, 0, 1;
    %load/vec4 v0x6221de737090_0;
    %concat/vec4; draw_concat_vec4
    %jmp/1 T_0.25, 8;
T_0.24 ; End of true expr.
    %pushi/vec4 9, 0, 4;
    %jmp/0 T_0.25, 8;
 ; End of false expr.
    %blend;
T_0.25;
    %store/vec4 v0x6221de6bd7b0_0, 0, 4;
    %jmp T_0.19;
T_0.14 ;
    %load/vec4 v0x6221de737170_0;
    %cmpi/e 0, 0, 7;
    %flag_mov 8, 4;
    %jmp/0 T_0.26, 8;
    %pushi/vec4 0, 0, 1;
    %load/vec4 v0x6221de737090_0;
    %concat/vec4; draw_concat_vec4
    %jmp/1 T_0.27, 8;
T_0.26 ; End of true expr.
    %pushi/vec4 9, 0, 4;
    %jmp/0 T_0.27, 8;
 ; End of false expr.
    %blend;
T_0.27;
    %store/vec4 v0x6221de6bd7b0_0, 0, 4;
    %jmp T_0.19;
T_0.15 ;
    %load/vec4 v0x6221de737170_0;
    %cmpi/e 0, 0, 7;
    %flag_mov 8, 4;
    %jmp/0 T_0.28, 8;
    %pushi/vec4 0, 0, 1;
    %load/vec4 v0x6221de737090_0;
    %concat/vec4; draw_concat_vec4
    %jmp/1 T_0.29, 8;
T_0.28 ; End of true expr.
    %pushi/vec4 9, 0, 4;
    %jmp/0 T_0.29, 8;
 ; End of false expr.
    %blend;
T_0.29;
    %store/vec4 v0x6221de6bd7b0_0, 0, 4;
    %jmp T_0.19;
T_0.16 ;
    %load/vec4 v0x6221de737170_0;
    %cmpi/e 0, 0, 7;
    %flag_mov 8, 4;
    %jmp/0 T_0.30, 8;
    %pushi/vec4 0, 0, 1;
    %load/vec4 v0x6221de737090_0;
    %concat/vec4; draw_concat_vec4
    %jmp/1 T_0.31, 8;
T_0.30 ; End of true expr.
    %pushi/vec4 9, 0, 4;
    %jmp/0 T_0.31, 8;
 ; End of false expr.
    %blend;
T_0.31;
    %store/vec4 v0x6221de6bd7b0_0, 0, 4;
    %jmp T_0.19;
T_0.17 ;
    %load/vec4 v0x6221de737170_0;
    %cmpi/e 0, 0, 7;
    %flag_mov 8, 4;
    %jmp/0 T_0.32, 8;
    %pushi/vec4 0, 0, 1;
    %load/vec4 v0x6221de737090_0;
    %concat/vec4; draw_concat_vec4
    %jmp/1 T_0.33, 8;
T_0.32 ; End of true expr.
    %pushi/vec4 9, 0, 4;
    %jmp/0 T_0.33, 8;
 ; End of false expr.
    %blend;
T_0.33;
    %store/vec4 v0x6221de6bd7b0_0, 0, 4;
    %jmp T_0.19;
T_0.18 ;
    %load/vec4 v0x6221de737170_0;
    %cmpi/e 0, 0, 7;
    %flag_mov 8, 4;
    %jmp/0 T_0.34, 8;
    %pushi/vec4 0, 0, 1;
    %load/vec4 v0x6221de737090_0;
    %concat/vec4; draw_concat_vec4
    %jmp/1 T_0.35, 8;
T_0.34 ; End of true expr.
    %pushi/vec4 9, 0, 4;
    %jmp/0 T_0.35, 8;
 ; End of false expr.
    %blend;
T_0.35;
    %store/vec4 v0x6221de6bd7b0_0, 0, 4;
    %jmp T_0.19;
T_0.19 ;
    %pop/vec4 1;
    %jmp T_0.10;
T_0.1 ;
    %pushi/vec4 1, 0, 1;
    %store/vec4 v0x6221de7374d0_0, 0, 1;
    %pushi/vec4 0, 0, 2;
    %store/vec4 v0x6221de737590_0, 0, 2;
    %load/vec4 v0x6221de737090_0;
    %dup/vec4;
    %pushi/vec4 5, 0, 3;
    %cmp/u;
    %jmp/1 T_0.36, 6;
    %dup/vec4;
    %pushi/vec4 0, 0, 3;
    %cmp/u;
    %jmp/1 T_0.37, 6;
    %dup/vec4;
    %pushi/vec4 1, 0, 3;
    %cmp/u;
    %jmp/1 T_0.38, 6;
    %dup/vec4;
    %pushi/vec4 2, 0, 3;
    %cmp/u;
    %jmp/1 T_0.39, 6;
    %dup/vec4;
    %pushi/vec4 3, 0, 3;
    %cmp/u;
    %jmp/1 T_0.40, 6;
    %dup/vec4;
    %pushi/vec4 4, 0, 3;
    %cmp/u;
    %jmp/1 T_0.41, 6;
    %dup/vec4;
    %pushi/vec4 6, 0, 3;
    %cmp/u;
    %jmp/1 T_0.42, 6;
    %dup/vec4;
    %pushi/vec4 7, 0, 3;
    %cmp/u;
    %jmp/1 T_0.43, 6;
    %jmp T_0.44;
T_0.36 ;
    %load/vec4 v0x6221de737170_0;
    %parti/s 1, 5, 4;
    %cmpi/e 1, 0, 1;
    %flag_mov 8, 4;
    %jmp/0 T_0.45, 8;
    %pushi/vec4 1, 0, 1;
    %load/vec4 v0x6221de737090_0;
    %concat/vec4; draw_concat_vec4
    %jmp/1 T_0.46, 8;
T_0.45 ; End of true expr.
    %pushi/vec4 0, 0, 1;
    %load/vec4 v0x6221de737090_0;
    %concat/vec4; draw_concat_vec4
    %jmp/0 T_0.46, 8;
 ; End of false expr.
    %blend;
T_0.46;
    %store/vec4 v0x6221de6bd7b0_0, 0, 4;
    %jmp T_0.44;
T_0.37 ;
    %load/vec4 v0x6221de737170_0;
    %cmpi/e 0, 0, 7;
    %flag_mov 8, 4;
    %jmp/0 T_0.47, 8;
    %pushi/vec4 0, 0, 1;
    %load/vec4 v0x6221de737090_0;
    %concat/vec4; draw_concat_vec4
    %jmp/1 T_0.48, 8;
T_0.47 ; End of true expr.
    %pushi/vec4 9, 0, 4;
    %jmp/0 T_0.48, 8;
 ; End of false expr.
    %blend;
T_0.48;
    %store/vec4 v0x6221de6bd7b0_0, 0, 4;
    %jmp T_0.44;
T_0.38 ;
    %load/vec4 v0x6221de737170_0;
    %cmpi/e 0, 0, 7;
    %flag_mov 8, 4;
    %jmp/0 T_0.49, 8;
    %pushi/vec4 0, 0, 1;
    %load/vec4 v0x6221de737090_0;
    %concat/vec4; draw_concat_vec4
    %jmp/1 T_0.50, 8;
T_0.49 ; End of true expr.
    %pushi/vec4 9, 0, 4;
    %jmp/0 T_0.50, 8;
 ; End of false expr.
    %blend;
T_0.50;
    %store/vec4 v0x6221de6bd7b0_0, 0, 4;
    %jmp T_0.44;
T_0.39 ;
    %load/vec4 v0x6221de737170_0;
    %cmpi/e 0, 0, 7;
    %flag_mov 8, 4;
    %jmp/0 T_0.51, 8;
    %pushi/vec4 0, 0, 1;
    %load/vec4 v0x6221de737090_0;
    %concat/vec4; draw_concat_vec4
    %jmp/1 T_0.52, 8;
T_0.51 ; End of true expr.
    %pushi/vec4 9, 0, 4;
    %jmp/0 T_0.52, 8;
 ; End of false expr.
    %blend;
T_0.52;
    %store/vec4 v0x6221de6bd7b0_0, 0, 4;
    %jmp T_0.44;
T_0.40 ;
    %load/vec4 v0x6221de737170_0;
    %cmpi/e 0, 0, 7;
    %flag_mov 8, 4;
    %jmp/0 T_0.53, 8;
    %pushi/vec4 0, 0, 1;
    %load/vec4 v0x6221de737090_0;
    %concat/vec4; draw_concat_vec4
    %jmp/1 T_0.54, 8;
T_0.53 ; End of true expr.
    %pushi/vec4 9, 0, 4;
    %jmp/0 T_0.54, 8;
 ; End of false expr.
    %blend;
T_0.54;
    %store/vec4 v0x6221de6bd7b0_0, 0, 4;
    %jmp T_0.44;
T_0.41 ;
    %load/vec4 v0x6221de737170_0;
    %cmpi/e 0, 0, 7;
    %flag_mov 8, 4;
    %jmp/0 T_0.55, 8;
    %pushi/vec4 0, 0, 1;
    %load/vec4 v0x6221de737090_0;
    %concat/vec4; draw_concat_vec4
    %jmp/1 T_0.56, 8;
T_0.55 ; End of true expr.
    %pushi/vec4 9, 0, 4;
    %jmp/0 T_0.56, 8;
 ; End of false expr.
    %blend;
T_0.56;
    %store/vec4 v0x6221de6bd7b0_0, 0, 4;
    %jmp T_0.44;
T_0.42 ;
    %load/vec4 v0x6221de737170_0;
    %cmpi/e 0, 0, 7;
    %flag_mov 8, 4;
    %jmp/0 T_0.57, 8;
    %pushi/vec4 0, 0, 1;
    %load/vec4 v0x6221de737090_0;
    %concat/vec4; draw_concat_vec4
    %jmp/1 T_0.58, 8;
T_0.57 ; End of true expr.
    %pushi/vec4 9, 0, 4;
    %jmp/0 T_0.58, 8;
 ; End of false expr.
    %blend;
T_0.58;
    %store/vec4 v0x6221de6bd7b0_0, 0, 4;
    %jmp T_0.44;
T_0.43 ;
    %load/vec4 v0x6221de737170_0;
    %cmpi/e 0, 0, 7;
    %flag_mov 8, 4;
    %jmp/0 T_0.59, 8;
    %pushi/vec4 0, 0, 1;
    %load/vec4 v0x6221de737090_0;
    %concat/vec4; draw_concat_vec4
    %jmp/1 T_0.60, 8;
T_0.59 ; End of true expr.
    %pushi/vec4 9, 0, 4;
    %jmp/0 T_0.60, 8;
 ; End of false expr.
    %blend;
T_0.60;
    %store/vec4 v0x6221de6bd7b0_0, 0, 4;
    %jmp T_0.44;
T_0.44 ;
    %pop/vec4 1;
    %jmp T_0.10;
T_0.2 ;
    %pushi/vec4 1, 0, 1;
    %store/vec4 v0x6221de7374d0_0, 0, 1;
    %pushi/vec4 0, 0, 4;
    %store/vec4 v0x6221de6bd7b0_0, 0, 4;
    %pushi/vec4 1, 0, 2;
    %store/vec4 v0x6221de737590_0, 0, 2;
    %load/vec4 v0x6221de737090_0;
    %dup/vec4;
    %pushi/vec4 0, 0, 3;
    %cmp/u;
    %jmp/1 T_0.61, 6;
    %dup/vec4;
    %pushi/vec4 1, 0, 3;
    %cmp/u;
    %jmp/1 T_0.62, 6;
    %dup/vec4;
    %pushi/vec4 2, 0, 3;
    %cmp/u;
    %jmp/1 T_0.63, 6;
    %dup/vec4;
    %pushi/vec4 4, 0, 3;
    %cmp/u;
    %jmp/1 T_0.64, 6;
    %dup/vec4;
    %pushi/vec4 5, 0, 3;
    %cmp/u;
    %jmp/1 T_0.65, 6;
    %pushi/vec4 0, 0, 3;
    %store/vec4 v0x6221de737250_0, 0, 3;
    %jmp T_0.67;
T_0.61 ;
    %pushi/vec4 0, 0, 3;
    %store/vec4 v0x6221de737250_0, 0, 3;
    %jmp T_0.67;
T_0.62 ;
    %pushi/vec4 1, 0, 3;
    %store/vec4 v0x6221de737250_0, 0, 3;
    %jmp T_0.67;
T_0.63 ;
    %pushi/vec4 2, 0, 3;
    %store/vec4 v0x6221de737250_0, 0, 3;
    %jmp T_0.67;
T_0.64 ;
    %pushi/vec4 3, 0, 3;
    %store/vec4 v0x6221de737250_0, 0, 3;
    %jmp T_0.67;
T_0.65 ;
    %pushi/vec4 4, 0, 3;
    %store/vec4 v0x6221de737250_0, 0, 3;
    %jmp T_0.67;
T_0.67 ;
    %pop/vec4 1;
    %jmp T_0.10;
T_0.3 ;
    %pushi/vec4 1, 0, 1;
    %store/vec4 v0x6221de737330_0, 0, 1;
    %pushi/vec4 0, 0, 4;
    %store/vec4 v0x6221de6bd7b0_0, 0, 4;
    %load/vec4 v0x6221de737090_0;
    %dup/vec4;
    %pushi/vec4 0, 0, 3;
    %cmp/u;
    %jmp/1 T_0.68, 6;
    %dup/vec4;
    %pushi/vec4 1, 0, 3;
    %cmp/u;
    %jmp/1 T_0.69, 6;
    %dup/vec4;
    %pushi/vec4 2, 0, 3;
    %cmp/u;
    %jmp/1 T_0.70, 6;
    %pushi/vec4 0, 0, 3;
    %store/vec4 v0x6221de737250_0, 0, 3;
    %jmp T_0.72;
T_0.68 ;
    %pushi/vec4 5, 0, 3;
    %store/vec4 v0x6221de737250_0, 0, 3;
    %jmp T_0.72;
T_0.69 ;
    %pushi/vec4 6, 0, 3;
    %store/vec4 v0x6221de737250_0, 0, 3;
    %jmp T_0.72;
T_0.70 ;
    %pushi/vec4 7, 0, 3;
    %store/vec4 v0x6221de737250_0, 0, 3;
    %jmp T_0.72;
T_0.72 ;
    %pop/vec4 1;
    %jmp T_0.10;
T_0.4 ;
    %load/vec4 v0x6221de737090_0;
    %store/vec4 v0x6221de736de0_0, 0, 3;
    %pushi/vec4 1, 0, 1;
    %store/vec4 v0x6221de736ec0_0, 0, 1;
    %pushi/vec4 1, 0, 1;
    %store/vec4 v0x6221de6bdba0_0, 0, 1;
    %pushi/vec4 0, 0, 4;
    %store/vec4 v0x6221de6bd7b0_0, 0, 4;
    %jmp T_0.10;
T_0.5 ;
    %pushi/vec4 1, 0, 1;
    %store/vec4 v0x6221de7374d0_0, 0, 1;
    %pushi/vec4 0, 0, 2;
    %store/vec4 v0x6221de737590_0, 0, 2;
    %pushi/vec4 0, 0, 4;
    %store/vec4 v0x6221de6bd7b0_0, 0, 4;
    %jmp T_0.10;
T_0.6 ;
    %pushi/vec4 1, 0, 1;
    %store/vec4 v0x6221de7374d0_0, 0, 1;
    %pushi/vec4 1, 0, 1;
    %store/vec4 v0x6221de6bdba0_0, 0, 1;
    %pushi/vec4 0, 0, 2;
    %store/vec4 v0x6221de737590_0, 0, 2;
    %pushi/vec4 0, 0, 4;
    %store/vec4 v0x6221de6bd7b0_0, 0, 4;
    %jmp T_0.10;
T_0.7 ;
    %pushi/vec4 1, 0, 1;
    %store/vec4 v0x6221de7374d0_0, 0, 1;
    %pushi/vec4 1, 0, 1;
    %store/vec4 v0x6221de6bdba0_0, 0, 1;
    %pushi/vec4 2, 0, 2;
    %store/vec4 v0x6221de737590_0, 0, 2;
    %pushi/vec4 0, 0, 4;
    %store/vec4 v0x6221de6bd7b0_0, 0, 4;
    %pushi/vec4 1, 0, 1;
    %store/vec4 v0x6221de736fd0_0, 0, 1;
    %jmp T_0.10;
T_0.8 ;
    %pushi/vec4 1, 0, 1;
    %store/vec4 v0x6221de7374d0_0, 0, 1;
    %pushi/vec4 2, 0, 2;
    %store/vec4 v0x6221de737590_0, 0, 2;
    %pushi/vec4 0, 0, 4;
    %store/vec4 v0x6221de6bd7b0_0, 0, 4;
    %pushi/vec4 1, 0, 1;
    %store/vec4 v0x6221de736fd0_0, 0, 1;
    %jmp T_0.10;
T_0.10 ;
    %pop/vec4 1;
    %jmp T_0;
    .thread T_0, $push;
    .scope S_0x6221de6bbdf0;
T_1 ;
    %vpi_call 2 29 "$dumpfile", "controller.vcd" {0 0 0};
    %vpi_call 2 30 "$dumpvars", 32'sb00000000000000000000000000000000, S_0x6221de6bbdf0 {0 0 0};
    %pushi/vec4 0, 0, 7;
    %store/vec4 v0x6221de737dd0_0, 0, 7;
    %pushi/vec4 0, 0, 7;
    %store/vec4 v0x6221de738040_0, 0, 7;
    %pushi/vec4 0, 0, 3;
    %store/vec4 v0x6221de737d00_0, 0, 3;
    %delay 1, 0;
    %pushi/vec4 51, 0, 7;
    %store/vec4 v0x6221de738040_0, 0, 7;
    %pushi/vec4 0, 0, 3;
    %store/vec4 v0x6221de737d00_0, 0, 3;
    %delay 1, 0;
    %pushi/vec4 32, 0, 7;
    %store/vec4 v0x6221de737dd0_0, 0, 7;
    %delay 1, 0;
    %pushi/vec4 1, 0, 3;
    %store/vec4 v0x6221de737d00_0, 0, 3;
    %delay 1, 0;
    %pushi/vec4 0, 0, 7;
    %store/vec4 v0x6221de737dd0_0, 0, 7;
    %delay 1, 0;
    %pushi/vec4 2, 0, 3;
    %store/vec4 v0x6221de737d00_0, 0, 3;
    %delay 1, 0;
    %pushi/vec4 3, 0, 3;
    %store/vec4 v0x6221de737d00_0, 0, 3;
    %delay 1, 0;
    %pushi/vec4 4, 0, 3;
    %store/vec4 v0x6221de737d00_0, 0, 3;
    %delay 1, 0;
    %pushi/vec4 5, 0, 3;
    %store/vec4 v0x6221de737d00_0, 0, 3;
    %delay 1, 0;
    %pushi/vec4 32, 0, 7;
    %store/vec4 v0x6221de737dd0_0, 0, 7;
    %delay 1, 0;
    %pushi/vec4 6, 0, 3;
    %store/vec4 v0x6221de737d00_0, 0, 3;
    %delay 1, 0;
    %pushi/vec4 0, 0, 7;
    %store/vec4 v0x6221de737dd0_0, 0, 7;
    %delay 1, 0;
    %pushi/vec4 7, 0, 3;
    %store/vec4 v0x6221de737d00_0, 0, 3;
    %delay 1, 0;
    %pushi/vec4 19, 0, 7;
    %store/vec4 v0x6221de738040_0, 0, 7;
    %pushi/vec4 0, 0, 3;
    %store/vec4 v0x6221de737d00_0, 0, 3;
    %delay 1, 0;
    %pushi/vec4 1, 0, 3;
    %store/vec4 v0x6221de737d00_0, 0, 3;
    %delay 1, 0;
    %pushi/vec4 2, 0, 3;
    %store/vec4 v0x6221de737d00_0, 0, 3;
    %delay 1, 0;
    %pushi/vec4 3, 0, 3;
    %store/vec4 v0x6221de737d00_0, 0, 3;
    %delay 1, 0;
    %pushi/vec4 4, 0, 3;
    %store/vec4 v0x6221de737d00_0, 0, 3;
    %delay 1, 0;
    %pushi/vec4 5, 0, 3;
    %store/vec4 v0x6221de737d00_0, 0, 3;
    %delay 1, 0;
    %pushi/vec4 6, 0, 3;
    %store/vec4 v0x6221de737d00_0, 0, 3;
    %delay 1, 0;
    %pushi/vec4 7, 0, 3;
    %store/vec4 v0x6221de737d00_0, 0, 3;
    %delay 1, 0;
    %pushi/vec4 3, 0, 7;
    %store/vec4 v0x6221de738040_0, 0, 7;
    %pushi/vec4 0, 0, 3;
    %store/vec4 v0x6221de737d00_0, 0, 3;
    %delay 1, 0;
    %pushi/vec4 1, 0, 3;
    %store/vec4 v0x6221de737d00_0, 0, 3;
    %delay 1, 0;
    %pushi/vec4 2, 0, 3;
    %store/vec4 v0x6221de737d00_0, 0, 3;
    %delay 1, 0;
    %pushi/vec4 3, 0, 3;
    %store/vec4 v0x6221de737d00_0, 0, 3;
    %delay 1, 0;
    %pushi/vec4 4, 0, 3;
    %store/vec4 v0x6221de737d00_0, 0, 3;
    %delay 1, 0;
    %pushi/vec4 5, 0, 3;
    %store/vec4 v0x6221de737d00_0, 0, 3;
    %delay 1, 0;
    %pushi/vec4 6, 0, 3;
    %store/vec4 v0x6221de737d00_0, 0, 3;
    %delay 1, 0;
    %pushi/vec4 7, 0, 3;
    %store/vec4 v0x6221de737d00_0, 0, 3;
    %delay 1, 0;
    %pushi/vec4 35, 0, 7;
    %store/vec4 v0x6221de738040_0, 0, 7;
    %pushi/vec4 0, 0, 3;
    %store/vec4 v0x6221de737d00_0, 0, 3;
    %delay 1, 0;
    %pushi/vec4 1, 0, 3;
    %store/vec4 v0x6221de737d00_0, 0, 3;
    %delay 1, 0;
    %pushi/vec4 2, 0, 3;
    %store/vec4 v0x6221de737d00_0, 0, 3;
    %delay 1, 0;
    %pushi/vec4 3, 0, 3;
    %store/vec4 v0x6221de737d00_0, 0, 3;
    %delay 1, 0;
    %pushi/vec4 4, 0, 3;
    %store/vec4 v0x6221de737d00_0, 0, 3;
    %delay 1, 0;
    %pushi/vec4 5, 0, 3;
    %store/vec4 v0x6221de737d00_0, 0, 3;
    %delay 1, 0;
    %pushi/vec4 6, 0, 3;
    %store/vec4 v0x6221de737d00_0, 0, 3;
    %delay 1, 0;
    %pushi/vec4 7, 0, 3;
    %store/vec4 v0x6221de737d00_0, 0, 3;
    %delay 1, 0;
    %pushi/vec4 99, 0, 7;
    %store/vec4 v0x6221de738040_0, 0, 7;
    %pushi/vec4 0, 0, 3;
    %store/vec4 v0x6221de737d00_0, 0, 3;
    %delay 1, 0;
    %pushi/vec4 1, 0, 3;
    %store/vec4 v0x6221de737d00_0, 0, 3;
    %delay 1, 0;
    %pushi/vec4 2, 0, 3;
    %store/vec4 v0x6221de737d00_0, 0, 3;
    %delay 1, 0;
    %pushi/vec4 3, 0, 3;
    %store/vec4 v0x6221de737d00_0, 0, 3;
    %delay 1, 0;
    %pushi/vec4 4, 0, 3;
    %store/vec4 v0x6221de737d00_0, 0, 3;
    %delay 1, 0;
    %pushi/vec4 5, 0, 3;
    %store/vec4 v0x6221de737d00_0, 0, 3;
    %delay 1, 0;
    %pushi/vec4 6, 0, 3;
    %store/vec4 v0x6221de737d00_0, 0, 3;
    %delay 1, 0;
    %pushi/vec4 7, 0, 3;
    %store/vec4 v0x6221de737d00_0, 0, 3;
    %delay 1, 0;
    %pushi/vec4 55, 0, 7;
    %store/vec4 v0x6221de738040_0, 0, 7;
    %pushi/vec4 0, 0, 3;
    %store/vec4 v0x6221de737d00_0, 0, 3;
    %delay 1, 0;
    %pushi/vec4 1, 0, 3;
    %store/vec4 v0x6221de737d00_0, 0, 3;
    %delay 1, 0;
    %pushi/vec4 2, 0, 3;
    %store/vec4 v0x6221de737d00_0, 0, 3;
    %delay 1, 0;
    %pushi/vec4 3, 0, 3;
    %store/vec4 v0x6221de737d00_0, 0, 3;
    %delay 1, 0;
    %pushi/vec4 4, 0, 3;
    %store/vec4 v0x6221de737d00_0, 0, 3;
    %delay 1, 0;
    %pushi/vec4 5, 0, 3;
    %store/vec4 v0x6221de737d00_0, 0, 3;
    %delay 1, 0;
    %pushi/vec4 6, 0, 3;
    %store/vec4 v0x6221de737d00_0, 0, 3;
    %delay 1, 0;
    %pushi/vec4 7, 0, 3;
    %store/vec4 v0x6221de737d00_0, 0, 3;
    %delay 1, 0;
    %pushi/vec4 23, 0, 7;
    %store/vec4 v0x6221de738040_0, 0, 7;
    %pushi/vec4 0, 0, 3;
    %store/vec4 v0x6221de737d00_0, 0, 3;
    %delay 1, 0;
    %pushi/vec4 1, 0, 3;
    %store/vec4 v0x6221de737d00_0, 0, 3;
    %delay 1, 0;
    %pushi/vec4 2, 0, 3;
    %store/vec4 v0x6221de737d00_0, 0, 3;
    %delay 1, 0;
    %pushi/vec4 3, 0, 3;
    %store/vec4 v0x6221de737d00_0, 0, 3;
    %delay 1, 0;
    %pushi/vec4 4, 0, 3;
    %store/vec4 v0x6221de737d00_0, 0, 3;
    %delay 1, 0;
    %pushi/vec4 5, 0, 3;
    %store/vec4 v0x6221de737d00_0, 0, 3;
    %delay 1, 0;
    %pushi/vec4 6, 0, 3;
    %store/vec4 v0x6221de737d00_0, 0, 3;
    %delay 1, 0;
    %pushi/vec4 7, 0, 3;
    %store/vec4 v0x6221de737d00_0, 0, 3;
    %delay 1, 0;
    %pushi/vec4 111, 0, 7;
    %store/vec4 v0x6221de738040_0, 0, 7;
    %pushi/vec4 0, 0, 3;
    %store/vec4 v0x6221de737d00_0, 0, 3;
    %delay 1, 0;
    %pushi/vec4 1, 0, 3;
    %store/vec4 v0x6221de737d00_0, 0, 3;
    %delay 1, 0;
    %pushi/vec4 2, 0, 3;
    %store/vec4 v0x6221de737d00_0, 0, 3;
    %delay 1, 0;
    %pushi/vec4 3, 0, 3;
    %store/vec4 v0x6221de737d00_0, 0, 3;
    %delay 1, 0;
    %pushi/vec4 4, 0, 3;
    %store/vec4 v0x6221de737d00_0, 0, 3;
    %delay 1, 0;
    %pushi/vec4 5, 0, 3;
    %store/vec4 v0x6221de737d00_0, 0, 3;
    %delay 1, 0;
    %pushi/vec4 6, 0, 3;
    %store/vec4 v0x6221de737d00_0, 0, 3;
    %delay 1, 0;
    %pushi/vec4 7, 0, 3;
    %store/vec4 v0x6221de737d00_0, 0, 3;
    %delay 1, 0;
    %pushi/vec4 23, 0, 7;
    %store/vec4 v0x6221de738040_0, 0, 7;
    %pushi/vec4 0, 0, 3;
    %store/vec4 v0x6221de737d00_0, 0, 3;
    %delay 1, 0;
    %pushi/vec4 1, 0, 3;
    %store/vec4 v0x6221de737d00_0, 0, 3;
    %delay 1, 0;
    %pushi/vec4 2, 0, 3;
    %store/vec4 v0x6221de737d00_0, 0, 3;
    %delay 1, 0;
    %pushi/vec4 3, 0, 3;
    %store/vec4 v0x6221de737d00_0, 0, 3;
    %delay 1, 0;
    %pushi/vec4 4, 0, 3;
    %store/vec4 v0x6221de737d00_0, 0, 3;
    %delay 1, 0;
    %pushi/vec4 5, 0, 3;
    %store/vec4 v0x6221de737d00_0, 0, 3;
    %delay 1, 0;
    %pushi/vec4 6, 0, 3;
    %store/vec4 v0x6221de737d00_0, 0, 3;
    %delay 1, 0;
    %pushi/vec4 7, 0, 3;
    %store/vec4 v0x6221de737d00_0, 0, 3;
    %delay 1, 0;
    %pushi/vec4 31, 0, 7;
    %store/vec4 v0x6221de738040_0, 0, 7;
    %vpi_call 2 120 "$finish" {0 0 0};
    %end;
    .thread T_1;
# The file index is used to find the file name in the following table.
:file_names 4;
    "N/A";
    "<interactive>";
    "tb/tb_controller.v";
    "src/controller.v";
