#! /usr/bin/vvp
:ivl_version "11.0 (stable)";
:ivl_delay_selection "TYPICAL";
:vpi_time_precision + 0;
:vpi_module "/usr/lib/x86_64-linux-gnu/ivl/system.vpi";
:vpi_module "/usr/lib/x86_64-linux-gnu/ivl/vhdl_sys.vpi";
:vpi_module "/usr/lib/x86_64-linux-gnu/ivl/vhdl_textio.vpi";
:vpi_module "/usr/lib/x86_64-linux-gnu/ivl/v2005_math.vpi";
:vpi_module "/usr/lib/x86_64-linux-gnu/ivl/va_math.vpi";
S_0x60bb105c0e90 .scope module, "tb_decoder" "tb_decoder" 2 1;
 .timescale 0 0;
v0x60bb105da050_0 .net "fn3_tb", 2 0, v0x60bb1057f7b0_0;  1 drivers
v0x60bb105da130_0 .net "fn7_tb", 6 0, v0x60bb1057fba0_0;  1 drivers
v0x60bb105da200_0 .var "instIn_tb", 31 0;
v0x60bb105da300_0 .net "opcode_tb", 6 0, v0x60bb105d9ba0_0;  1 drivers
v0x60bb105da3d0_0 .net "rd_tb", 4 0, v0x60bb105d9c80_0;  1 drivers
v0x60bb105da4c0_0 .net "rs1_tb", 4 0, v0x60bb105d9db0_0;  1 drivers
v0x60bb105da590_0 .net "rs2_tb", 4 0, v0x60bb105d9e90_0;  1 drivers
S_0x60bb105c1020 .scope module, "dut" "decoder" 2 11, 3 1 0, S_0x60bb105c0e90;
 .timescale 0 0;
    .port_info 0 /INPUT 32 "instIn";
    .port_info 1 /OUTPUT 7 "opcode";
    .port_info 2 /OUTPUT 5 "rd";
    .port_info 3 /OUTPUT 5 "rs1";
    .port_info 4 /OUTPUT 5 "rs2";
    .port_info 5 /OUTPUT 3 "fn3";
    .port_info 6 /OUTPUT 7 "fn7";
v0x60bb1057f7b0_0 .var "fn3", 2 0;
v0x60bb1057fba0_0 .var "fn7", 6 0;
v0x60bb105d9ae0_0 .net "instIn", 31 0, v0x60bb105da200_0;  1 drivers
v0x60bb105d9ba0_0 .var "opcode", 6 0;
v0x60bb105d9c80_0 .var "rd", 4 0;
v0x60bb105d9db0_0 .var "rs1", 4 0;
v0x60bb105d9e90_0 .var "rs2", 4 0;
E_0x60bb1057e6f0 .event edge, v0x60bb105d9ae0_0, v0x60bb105d9ba0_0, v0x60bb1057f7b0_0;
    .scope S_0x60bb105c1020;
T_0 ;
    %wait E_0x60bb1057e6f0;
    %load/vec4 v0x60bb105d9ae0_0;
    %parti/s 7, 0, 2;
    %store/vec4 v0x60bb105d9ba0_0, 0, 7;
    %pushi/vec4 0, 0, 25;
    %split/vec4 7;
    %store/vec4 v0x60bb1057fba0_0, 0, 7;
    %split/vec4 3;
    %store/vec4 v0x60bb1057f7b0_0, 0, 3;
    %split/vec4 5;
    %store/vec4 v0x60bb105d9e90_0, 0, 5;
    %split/vec4 5;
    %store/vec4 v0x60bb105d9db0_0, 0, 5;
    %store/vec4 v0x60bb105d9c80_0, 0, 5;
    %load/vec4 v0x60bb105d9ba0_0;
    %dup/vec4;
    %pushi/vec4 55, 0, 7;
    %cmp/u;
    %jmp/1 T_0.0, 6;
    %dup/vec4;
    %pushi/vec4 23, 0, 7;
    %cmp/u;
    %jmp/1 T_0.1, 6;
    %dup/vec4;
    %pushi/vec4 23, 0, 7;
    %cmp/u;
    %jmp/1 T_0.2, 6;
    %dup/vec4;
    %pushi/vec4 103, 0, 7;
    %cmp/u;
    %jmp/1 T_0.3, 6;
    %dup/vec4;
    %pushi/vec4 99, 0, 7;
    %cmp/u;
    %jmp/1 T_0.4, 6;
    %dup/vec4;
    %pushi/vec4 3, 0, 7;
    %cmp/u;
    %jmp/1 T_0.5, 6;
    %dup/vec4;
    %pushi/vec4 35, 0, 7;
    %cmp/u;
    %jmp/1 T_0.6, 6;
    %dup/vec4;
    %pushi/vec4 19, 0, 7;
    %cmp/u;
    %jmp/1 T_0.7, 6;
    %dup/vec4;
    %pushi/vec4 51, 0, 7;
    %cmp/u;
    %jmp/1 T_0.8, 6;
    %pushi/vec4 0, 0, 5;
    %store/vec4 v0x60bb105d9db0_0, 0, 5;
    %pushi/vec4 0, 0, 5;
    %store/vec4 v0x60bb105d9e90_0, 0, 5;
    %pushi/vec4 0, 0, 5;
    %store/vec4 v0x60bb105d9c80_0, 0, 5;
    %pushi/vec4 0, 0, 3;
    %store/vec4 v0x60bb1057f7b0_0, 0, 3;
    %pushi/vec4 0, 0, 7;
    %store/vec4 v0x60bb1057fba0_0, 0, 7;
    %jmp T_0.10;
T_0.0 ;
    %load/vec4 v0x60bb105d9ae0_0;
    %parti/s 5, 7, 4;
    %store/vec4 v0x60bb105d9c80_0, 0, 5;
    %jmp T_0.10;
T_0.1 ;
    %load/vec4 v0x60bb105d9ae0_0;
    %parti/s 5, 7, 4;
    %store/vec4 v0x60bb105d9c80_0, 0, 5;
    %jmp T_0.10;
T_0.2 ;
    %load/vec4 v0x60bb105d9ae0_0;
    %parti/s 5, 7, 4;
    %store/vec4 v0x60bb105d9c80_0, 0, 5;
    %jmp T_0.10;
T_0.3 ;
    %load/vec4 v0x60bb105d9ae0_0;
    %parti/s 5, 7, 4;
    %store/vec4 v0x60bb105d9c80_0, 0, 5;
    %load/vec4 v0x60bb105d9ae0_0;
    %parti/s 5, 15, 5;
    %store/vec4 v0x60bb105d9db0_0, 0, 5;
    %load/vec4 v0x60bb105d9ae0_0;
    %parti/s 3, 12, 5;
    %store/vec4 v0x60bb1057f7b0_0, 0, 3;
    %jmp T_0.10;
T_0.4 ;
    %load/vec4 v0x60bb105d9ae0_0;
    %parti/s 5, 15, 5;
    %store/vec4 v0x60bb105d9db0_0, 0, 5;
    %load/vec4 v0x60bb105d9ae0_0;
    %parti/s 5, 20, 6;
    %store/vec4 v0x60bb105d9e90_0, 0, 5;
    %load/vec4 v0x60bb105d9ae0_0;
    %parti/s 3, 12, 5;
    %store/vec4 v0x60bb1057f7b0_0, 0, 3;
    %jmp T_0.10;
T_0.5 ;
    %load/vec4 v0x60bb105d9ae0_0;
    %parti/s 5, 15, 5;
    %store/vec4 v0x60bb105d9db0_0, 0, 5;
    %load/vec4 v0x60bb105d9ae0_0;
    %parti/s 5, 20, 6;
    %store/vec4 v0x60bb105d9e90_0, 0, 5;
    %load/vec4 v0x60bb105d9ae0_0;
    %parti/s 5, 7, 4;
    %store/vec4 v0x60bb105d9c80_0, 0, 5;
    %load/vec4 v0x60bb105d9ae0_0;
    %parti/s 3, 12, 5;
    %store/vec4 v0x60bb1057f7b0_0, 0, 3;
    %jmp T_0.10;
T_0.6 ;
    %load/vec4 v0x60bb105d9ae0_0;
    %parti/s 5, 15, 5;
    %store/vec4 v0x60bb105d9db0_0, 0, 5;
    %load/vec4 v0x60bb105d9ae0_0;
    %parti/s 5, 20, 6;
    %store/vec4 v0x60bb105d9e90_0, 0, 5;
    %load/vec4 v0x60bb105d9ae0_0;
    %parti/s 3, 12, 5;
    %store/vec4 v0x60bb1057f7b0_0, 0, 3;
    %jmp T_0.10;
T_0.7 ;
    %load/vec4 v0x60bb105d9ae0_0;
    %parti/s 5, 15, 5;
    %store/vec4 v0x60bb105d9db0_0, 0, 5;
    %load/vec4 v0x60bb105d9ae0_0;
    %parti/s 5, 7, 4;
    %store/vec4 v0x60bb105d9c80_0, 0, 5;
    %load/vec4 v0x60bb105d9ae0_0;
    %parti/s 3, 12, 5;
    %store/vec4 v0x60bb1057f7b0_0, 0, 3;
    %load/vec4 v0x60bb1057f7b0_0;
    %cmpi/e 5, 0, 3;
    %jmp/0xz  T_0.11, 4;
    %load/vec4 v0x60bb105d9ae0_0;
    %parti/s 7, 25, 6;
    %store/vec4 v0x60bb1057fba0_0, 0, 7;
    %jmp T_0.12;
T_0.11 ;
    %pushi/vec4 0, 0, 7;
    %store/vec4 v0x60bb1057fba0_0, 0, 7;
T_0.12 ;
    %jmp T_0.10;
T_0.8 ;
    %load/vec4 v0x60bb105d9ae0_0;
    %parti/s 5, 15, 5;
    %store/vec4 v0x60bb105d9db0_0, 0, 5;
    %load/vec4 v0x60bb105d9ae0_0;
    %parti/s 5, 20, 6;
    %store/vec4 v0x60bb105d9e90_0, 0, 5;
    %load/vec4 v0x60bb105d9ae0_0;
    %parti/s 5, 7, 4;
    %store/vec4 v0x60bb105d9c80_0, 0, 5;
    %load/vec4 v0x60bb105d9ae0_0;
    %parti/s 3, 12, 5;
    %store/vec4 v0x60bb1057f7b0_0, 0, 3;
    %load/vec4 v0x60bb105d9ae0_0;
    %parti/s 7, 25, 6;
    %store/vec4 v0x60bb1057fba0_0, 0, 7;
    %jmp T_0.10;
T_0.10 ;
    %pop/vec4 1;
    %jmp T_0;
    .thread T_0, $push;
    .scope S_0x60bb105c0e90;
T_1 ;
    %vpi_call 2 20 "$dumpfile", "dump.vcd" {0 0 0};
    %vpi_call 2 21 "$dumpvars", 32'sb00000000000000000000000000000000, S_0x60bb105c0e90 {0 0 0};
    %delay 1, 0;
    %pushi/vec4 8685875, 0, 32;
    %store/vec4 v0x60bb105da200_0, 0, 32;
    %delay 1, 0;
    %pushi/vec4 269485203, 0, 32;
    %store/vec4 v0x60bb105da200_0, 0, 32;
    %delay 1, 0;
    %pushi/vec4 8561187, 0, 32;
    %store/vec4 v0x60bb105da200_0, 0, 32;
    %delay 1, 0;
    %pushi/vec4 172803, 0, 32;
    %store/vec4 v0x60bb105da200_0, 0, 32;
    %delay 1, 0;
    %pushi/vec4 21783651, 0, 32;
    %store/vec4 v0x60bb105da200_0, 0, 32;
    %delay 1, 0;
    %pushi/vec4 2146468071, 0, 32;
    %store/vec4 v0x60bb105da200_0, 0, 32;
    %delay 1, 0;
    %pushi/vec4 111, 0, 32;
    %store/vec4 v0x60bb105da200_0, 0, 32;
    %delay 1, 0;
    %pushi/vec4 2267246775, 0, 32;
    %store/vec4 v0x60bb105da200_0, 0, 32;
    %delay 1, 0;
    %pushi/vec4 268437783, 0, 32;
    %store/vec4 v0x60bb105da200_0, 0, 32;
    %delay 1, 0;
    %pushi/vec4 1094865683, 0, 32;
    %store/vec4 v0x60bb105da200_0, 0, 32;
    %delay 1, 0;
    %vpi_call 2 32 "$finish" {0 0 0};
    %end;
    .thread T_1;
# The file index is used to find the file name in the following table.
:file_names 4;
    "N/A";
    "<interactive>";
    "./tb/tb_decoder.v";
    "./src/decoder.v";
