#! /usr/bin/vvp
:ivl_version "11.0 (stable)";
:ivl_delay_selection "TYPICAL";
:vpi_time_precision + 0;
:vpi_module "/usr/lib/x86_64-linux-gnu/ivl/system.vpi";
:vpi_module "/usr/lib/x86_64-linux-gnu/ivl/vhdl_sys.vpi";
:vpi_module "/usr/lib/x86_64-linux-gnu/ivl/vhdl_textio.vpi";
:vpi_module "/usr/lib/x86_64-linux-gnu/ivl/v2005_math.vpi";
:vpi_module "/usr/lib/x86_64-linux-gnu/ivl/va_math.vpi";
S_0x61f643047810 .scope module, "tb_memController" "tb_memController" 2 1;
 .timescale 0 0;
v0x61f64304b400_0 .var "aluOut", 31 0;
v0x61f64308e9e0_0 .var "aluReady", 0 0;
v0x61f64308eab0_0 .var "clk", 0 0;
v0x61f64308eb80_0 .var "dataPosIn", 2 0;
v0x61f64308ec50_0 .net "dataPosOut", 2 0, v0x61f64308d760_0;  1 drivers
v0x61f64308ecf0_0 .net "dataR", 31 0, v0x61f64308d840_0;  1 drivers
v0x61f64308edc0_0 .net "dataSend", 0 0, v0x61f64308d920_0;  1 drivers
v0x61f64308ee90_0 .net "gpAddrOut", 3 0, v0x61f64308db40_0;  1 drivers
v0x61f64308ef60_0 .net "inst", 31 0, v0x61f64308dc00_0;  1 drivers
v0x61f64308f030_0 .var "memClk", 0 0;
v0x61f64308f100_0 .var "memCtrl", 2 0;
v0x61f64308f1d0_0 .var "memDataIn", 31 0;
v0x61f64308f2a0_0 .net "memDataOut", 31 0, v0x61f64308e020_0;  1 drivers
v0x61f64308f370_0 .var "memReady", 0 0;
v0x61f64308f440_0 .net "memType", 1 0, v0x61f64308e1c0_0;  1 drivers
v0x61f64308f510_0 .var "pcP", 31 0;
v0x61f64308f5e0_0 .var "r2", 31 0;
v0x61f64308f6b0_0 .var "rst", 0 0;
v0x61f64308f780_0 .net "spiAddrOut", 23 0, v0x61f64308e520_0;  1 drivers
S_0x61f6430479a0 .scope module, "dut" "memController" 2 12, 3 140 0, S_0x61f643047810;
 .timescale 0 0;
    .port_info 0 /INPUT 32 "pcP";
    .port_info 1 /INPUT 32 "aluOut";
    .port_info 2 /INPUT 32 "r2";
    .port_info 3 /INPUT 1 "clk";
    .port_info 4 /INPUT 1 "memReady";
    .port_info 5 /INPUT 1 "aluReady";
    .port_info 6 /OUTPUT 32 "inst";
    .port_info 7 /OUTPUT 32 "dataR";
    .port_info 8 /INPUT 3 "memCtrl";
    .port_info 9 /INPUT 32 "memDataIn";
    .port_info 10 /OUTPUT 32 "memDataOut";
    .port_info 11 /OUTPUT 2 "memType";
    .port_info 12 /OUTPUT 3 "dataPosOut";
    .port_info 13 /INPUT 3 "dataPosIn";
    .port_info 14 /OUTPUT 1 "dataSend";
    .port_info 15 /OUTPUT 24 "spiAddrOut";
    .port_info 16 /OUTPUT 4 "gpAddrOut";
    .port_info 17 /INPUT 1 "memClk";
    .port_info 18 /INPUT 1 "rst";
P_0x61f643044ec0 .param/l "DM_START" 0 3 143, C4<00000000100000000000000000000000>;
P_0x61f643044f00 .param/l "DM_STOP" 0 3 144, C4<00000000111111111111111111111111>;
P_0x61f643044f40 .param/l "GPI_START" 0 3 148, C4<00000001000000000000000000001000>;
P_0x61f643044f80 .param/l "GPI_STOP" 0 3 149, C4<00000001000000000000000000001111>;
P_0x61f643044fc0 .param/l "GPO_START" 0 3 146, C4<00000001000000000000000000000000>;
P_0x61f643045000 .param/l "GPO_STOP" 0 3 147, C4<00000001000000000000000000000111>;
P_0x61f643045040 .param/l "IM_START" 0 3 141, C4<00000000000000000000000000000000>;
P_0x61f643045080 .param/l "IM_STOP" 0 3 142, C4<00000000011111111111111111111111>;
L_0x61f64308f930 .functor AND 1, v0x61f64308dce0_0, v0x61f64308f370_0, C4<1>, C4<1>;
L_0x61f64308f9d0 .functor AND 1, v0x61f64308d9e0_0, v0x61f64308f370_0, C4<1>, C4<1>;
v0x61f64308d130_0 .net *"_ivl_16", 0 0, L_0x61f64308f9d0;  1 drivers
v0x61f64308d1f0_0 .net *"_ivl_8", 0 0, L_0x61f64308f930;  1 drivers
v0x61f64308d2b0_0 .net "aluOut", 31 0, v0x61f64304b400_0;  1 drivers
v0x61f64308d3a0_0 .net "aluReady", 0 0, v0x61f64308e9e0_0;  1 drivers
v0x61f64308d460_0 .net "clk", 0 0, v0x61f64308eab0_0;  1 drivers
v0x61f64308d5a0_0 .var "dataInBuffer", 31 0;
v0x61f64308d680_0 .net "dataPosIn", 2 0, v0x61f64308eb80_0;  1 drivers
v0x61f64308d760_0 .var "dataPosOut", 2 0;
v0x61f64308d840_0 .var "dataR", 31 0;
v0x61f64308d920_0 .var "dataSend", 0 0;
v0x61f64308d9e0_0 .var "dataWait", 0 0;
v0x61f64308daa0_0 .net "delayClk", 0 0, L_0x61f64308f8c0;  1 drivers
v0x61f64308db40_0 .var "gpAddrOut", 3 0;
v0x61f64308dc00_0 .var "inst", 31 0;
v0x61f64308dce0_0 .var "instWait", 0 0;
v0x61f64308dda0_0 .net "memClk", 0 0, v0x61f64308f030_0;  1 drivers
v0x61f64308de60_0 .net "memCtrl", 2 0, v0x61f64308f100_0;  1 drivers
v0x61f64308df40_0 .net "memDataIn", 31 0, v0x61f64308f1d0_0;  1 drivers
v0x61f64308e020_0 .var "memDataOut", 31 0;
v0x61f64308e100_0 .net "memReady", 0 0, v0x61f64308f370_0;  1 drivers
v0x61f64308e1c0_0 .var "memType", 1 0;
v0x61f64308e2a0_0 .net "pcP", 31 0, v0x61f64308f510_0;  1 drivers
v0x61f64308e380_0 .net "r2", 31 0, v0x61f64308f5e0_0;  1 drivers
v0x61f64308e460_0 .net "rst", 0 0, v0x61f64308f6b0_0;  1 drivers
v0x61f64308e520_0 .var "spiAddrOut", 23 0;
v0x61f64308e600_0 .net "tmpClk", 0 0, L_0x61f64308f850;  1 drivers
E_0x61f64304e540/0 .event edge, L_0x61f64308f9d0;
E_0x61f64304e540/1 .event posedge, v0x61f64308e460_0;
E_0x61f64304e540 .event/or E_0x61f64304e540/0, E_0x61f64304e540/1;
E_0x61f64304ed00 .event posedge, v0x61f64308e460_0, v0x61f64308d3a0_0;
E_0x61f6430279f0/0 .event edge, L_0x61f64308f930;
E_0x61f6430279f0/1 .event posedge, v0x61f64308e460_0;
E_0x61f6430279f0 .event/or E_0x61f6430279f0/0, E_0x61f6430279f0/1;
E_0x61f64306d890 .event posedge, v0x61f64308e460_0, v0x61f64308dda0_0;
E_0x61f64306dfb0 .event posedge, v0x61f64308e460_0, v0x61f64308cff0_0;
S_0x61f643003cf0 .scope module, "clkbuf1" "or2" 3 170, 4 1 0, S_0x61f6430479a0;
 .timescale 0 0;
    .port_info 0 /INPUT 1 "a";
    .port_info 1 /INPUT 1 "b";
    .port_info 2 /OUTPUT 1 "y";
P_0x61f643003ed0 .param/l "N" 0 4 1, +C4<00000000000000000000000000000001>;
L_0x61f64308f850 .functor OR 1, v0x61f64308eab0_0, v0x61f64308eab0_0, C4<0>, C4<0>;
v0x61f64304b210_0 .net "a", 0 0, v0x61f64308eab0_0;  alias, 1 drivers
v0x61f64304b5f0_0 .net "b", 0 0, v0x61f64308eab0_0;  alias, 1 drivers
v0x61f6430057b0_0 .net "y", 0 0, L_0x61f64308f850;  alias, 1 drivers
S_0x61f64308cb90 .scope module, "clkbuf2" "or2" 3 171, 4 1 0, S_0x61f6430479a0;
 .timescale 0 0;
    .port_info 0 /INPUT 1 "a";
    .port_info 1 /INPUT 1 "b";
    .port_info 2 /OUTPUT 1 "y";
P_0x61f64308cd70 .param/l "N" 0 4 1, +C4<00000000000000000000000000000001>;
L_0x61f64308f8c0 .functor OR 1, L_0x61f64308f850, L_0x61f64308f850, C4<0>, C4<0>;
v0x61f64302fb10_0 .net "a", 0 0, L_0x61f64308f850;  alias, 1 drivers
v0x61f64308cf00_0 .net "b", 0 0, L_0x61f64308f850;  alias, 1 drivers
v0x61f64308cff0_0 .net "y", 0 0, L_0x61f64308f8c0;  alias, 1 drivers
    .scope S_0x61f6430479a0;
T_0 ;
    %pushi/vec4 0, 0, 2;
    %store/vec4 v0x61f64308e1c0_0, 0, 2;
    %end;
    .thread T_0;
    .scope S_0x61f6430479a0;
T_1 ;
    %wait E_0x61f64306dfb0;
    %load/vec4 v0x61f64308e460_0;
    %flag_set/vec4 8;
    %jmp/0xz  T_1.0, 8;
    %pushi/vec4 0, 0, 24;
    %assign/vec4 v0x61f64308e520_0, 0;
    %pushi/vec4 0, 0, 1;
    %assign/vec4 v0x61f64308dce0_0, 0;
    %pushi/vec4 0, 0, 2;
    %assign/vec4 v0x61f64308e1c0_0, 0;
    %jmp T_1.1;
T_1.0 ;
    %pushi/vec4 0, 0, 32;
    %load/vec4 v0x61f64308e2a0_0;
    %cmp/u;
    %flag_get/vec4 4;
    %flag_get/vec4 5;
    %or;
    %load/vec4 v0x61f64308e2a0_0;
    %cmpi/u 8388607, 0, 32;
    %flag_get/vec4 4;
    %flag_get/vec4 5;
    %or;
    %and;
    %flag_set/vec4 8;
    %jmp/0 T_1.2, 8;
    %load/vec4 v0x61f64308e2a0_0;
    %parti/s 24, 0, 2;
    %jmp/1 T_1.3, 8;
T_1.2 ; End of true expr.
    %pushi/vec4 0, 0, 24;
    %jmp/0 T_1.3, 8;
 ; End of false expr.
    %blend;
T_1.3;
    %assign/vec4 v0x61f64308e520_0, 0;
    %pushi/vec4 1, 0, 1;
    %assign/vec4 v0x61f64308dce0_0, 0;
    %pushi/vec4 3, 0, 2;
    %assign/vec4 v0x61f64308e1c0_0, 0;
T_1.1 ;
    %jmp T_1;
    .thread T_1;
    .scope S_0x61f6430479a0;
T_2 ;
    %wait E_0x61f64306d890;
    %load/vec4 v0x61f64308e460_0;
    %flag_set/vec4 8;
    %jmp/0xz  T_2.0, 8;
    %pushi/vec4 0, 0, 32;
    %assign/vec4 v0x61f64308d5a0_0, 0;
    %pushi/vec4 0, 0, 1;
    %assign/vec4 v0x61f64308d920_0, 0;
    %pushi/vec4 0, 0, 32;
    %assign/vec4 v0x61f64308e020_0, 0;
    %pushi/vec4 0, 0, 3;
    %assign/vec4 v0x61f64308d760_0, 0;
    %jmp T_2.1;
T_2.0 ;
    %load/vec4 v0x61f64308d920_0;
    %cmpi/e 0, 0, 1;
    %jmp/0xz  T_2.2, 4;
    %load/vec4 v0x61f64308d680_0;
    %dup/vec4;
    %pushi/vec4 0, 0, 3;
    %cmp/u;
    %jmp/1 T_2.4, 6;
    %dup/vec4;
    %pushi/vec4 4, 0, 3;
    %cmp/u;
    %jmp/1 T_2.5, 6;
    %dup/vec4;
    %pushi/vec4 1, 0, 3;
    %cmp/u;
    %jmp/1 T_2.6, 6;
    %dup/vec4;
    %pushi/vec4 5, 0, 3;
    %cmp/u;
    %jmp/1 T_2.7, 6;
    %dup/vec4;
    %pushi/vec4 2, 0, 3;
    %cmp/u;
    %jmp/1 T_2.8, 6;
    %dup/vec4;
    %pushi/vec4 6, 0, 3;
    %cmp/u;
    %jmp/1 T_2.9, 6;
    %dup/vec4;
    %pushi/vec4 3, 0, 3;
    %cmp/u;
    %jmp/1 T_2.10, 6;
    %dup/vec4;
    %pushi/vec4 7, 0, 3;
    %cmp/u;
    %jmp/1 T_2.11, 6;
    %jmp T_2.12;
T_2.4 ;
    %load/vec4 v0x61f64308df40_0;
    %parti/s 4, 0, 2;
    %ix/load 4, 0, 0;
    %ix/load 5, 0, 0;
    %flag_set/imm 4, 0;
    %assign/vec4/off/d v0x61f64308d5a0_0, 4, 5;
    %jmp T_2.12;
T_2.5 ;
    %load/vec4 v0x61f64308df40_0;
    %parti/s 4, 0, 2;
    %ix/load 4, 4, 0;
    %ix/load 5, 0, 0;
    %flag_set/imm 4, 0;
    %assign/vec4/off/d v0x61f64308d5a0_0, 4, 5;
    %jmp T_2.12;
T_2.6 ;
    %load/vec4 v0x61f64308df40_0;
    %parti/s 4, 0, 2;
    %ix/load 4, 8, 0;
    %ix/load 5, 0, 0;
    %flag_set/imm 4, 0;
    %assign/vec4/off/d v0x61f64308d5a0_0, 4, 5;
    %jmp T_2.12;
T_2.7 ;
    %load/vec4 v0x61f64308df40_0;
    %parti/s 4, 0, 2;
    %ix/load 4, 12, 0;
    %ix/load 5, 0, 0;
    %flag_set/imm 4, 0;
    %assign/vec4/off/d v0x61f64308d5a0_0, 4, 5;
    %jmp T_2.12;
T_2.8 ;
    %load/vec4 v0x61f64308df40_0;
    %parti/s 4, 0, 2;
    %ix/load 4, 16, 0;
    %ix/load 5, 0, 0;
    %flag_set/imm 4, 0;
    %assign/vec4/off/d v0x61f64308d5a0_0, 4, 5;
    %jmp T_2.12;
T_2.9 ;
    %load/vec4 v0x61f64308df40_0;
    %parti/s 4, 0, 2;
    %ix/load 4, 20, 0;
    %ix/load 5, 0, 0;
    %flag_set/imm 4, 0;
    %assign/vec4/off/d v0x61f64308d5a0_0, 4, 5;
    %jmp T_2.12;
T_2.10 ;
    %load/vec4 v0x61f64308df40_0;
    %parti/s 4, 0, 2;
    %ix/load 4, 24, 0;
    %ix/load 5, 0, 0;
    %flag_set/imm 4, 0;
    %assign/vec4/off/d v0x61f64308d5a0_0, 4, 5;
    %jmp T_2.12;
T_2.11 ;
    %load/vec4 v0x61f64308df40_0;
    %parti/s 4, 0, 2;
    %ix/load 4, 28, 0;
    %ix/load 5, 0, 0;
    %flag_set/imm 4, 0;
    %assign/vec4/off/d v0x61f64308d5a0_0, 4, 5;
    %jmp T_2.12;
T_2.12 ;
    %pop/vec4 1;
T_2.2 ;
    %load/vec4 v0x61f64308d920_0;
    %cmpi/e 1, 0, 1;
    %jmp/0xz  T_2.13, 4;
    %load/vec4 v0x61f64308d760_0;
    %dup/vec4;
    %pushi/vec4 0, 0, 3;
    %cmp/u;
    %jmp/1 T_2.15, 6;
    %dup/vec4;
    %pushi/vec4 4, 0, 3;
    %cmp/u;
    %jmp/1 T_2.16, 6;
    %dup/vec4;
    %pushi/vec4 1, 0, 3;
    %cmp/u;
    %jmp/1 T_2.17, 6;
    %dup/vec4;
    %pushi/vec4 5, 0, 3;
    %cmp/u;
    %jmp/1 T_2.18, 6;
    %dup/vec4;
    %pushi/vec4 2, 0, 3;
    %cmp/u;
    %jmp/1 T_2.19, 6;
    %dup/vec4;
    %pushi/vec4 6, 0, 3;
    %cmp/u;
    %jmp/1 T_2.20, 6;
    %dup/vec4;
    %pushi/vec4 3, 0, 3;
    %cmp/u;
    %jmp/1 T_2.21, 6;
    %dup/vec4;
    %pushi/vec4 7, 0, 3;
    %cmp/u;
    %jmp/1 T_2.22, 6;
    %jmp T_2.23;
T_2.15 ;
    %load/vec4 v0x61f64308e380_0;
    %parti/s 4, 0, 2;
    %ix/load 4, 0, 0;
    %ix/load 5, 0, 0;
    %flag_set/imm 4, 0;
    %assign/vec4/off/d v0x61f64308e020_0, 4, 5;
    %pushi/vec4 4, 0, 3;
    %assign/vec4 v0x61f64308d760_0, 0;
    %jmp T_2.23;
T_2.16 ;
    %load/vec4 v0x61f64308e380_0;
    %parti/s 4, 4, 4;
    %ix/load 4, 0, 0;
    %ix/load 5, 0, 0;
    %flag_set/imm 4, 0;
    %assign/vec4/off/d v0x61f64308e020_0, 4, 5;
    %pushi/vec4 1, 0, 3;
    %assign/vec4 v0x61f64308d760_0, 0;
    %jmp T_2.23;
T_2.17 ;
    %load/vec4 v0x61f64308e380_0;
    %parti/s 4, 8, 5;
    %ix/load 4, 0, 0;
    %ix/load 5, 0, 0;
    %flag_set/imm 4, 0;
    %assign/vec4/off/d v0x61f64308e020_0, 4, 5;
    %pushi/vec4 5, 0, 3;
    %assign/vec4 v0x61f64308d760_0, 0;
    %jmp T_2.23;
T_2.18 ;
    %load/vec4 v0x61f64308e380_0;
    %parti/s 4, 12, 5;
    %ix/load 4, 0, 0;
    %ix/load 5, 0, 0;
    %flag_set/imm 4, 0;
    %assign/vec4/off/d v0x61f64308e020_0, 4, 5;
    %pushi/vec4 2, 0, 3;
    %assign/vec4 v0x61f64308d760_0, 0;
    %jmp T_2.23;
T_2.19 ;
    %load/vec4 v0x61f64308e380_0;
    %parti/s 4, 16, 6;
    %ix/load 4, 0, 0;
    %ix/load 5, 0, 0;
    %flag_set/imm 4, 0;
    %assign/vec4/off/d v0x61f64308e020_0, 4, 5;
    %pushi/vec4 6, 0, 3;
    %assign/vec4 v0x61f64308d760_0, 0;
    %jmp T_2.23;
T_2.20 ;
    %load/vec4 v0x61f64308e380_0;
    %parti/s 4, 20, 6;
    %ix/load 4, 0, 0;
    %ix/load 5, 0, 0;
    %flag_set/imm 4, 0;
    %assign/vec4/off/d v0x61f64308e020_0, 4, 5;
    %pushi/vec4 3, 0, 3;
    %assign/vec4 v0x61f64308d760_0, 0;
    %jmp T_2.23;
T_2.21 ;
    %load/vec4 v0x61f64308e380_0;
    %parti/s 4, 24, 6;
    %ix/load 4, 0, 0;
    %ix/load 5, 0, 0;
    %flag_set/imm 4, 0;
    %assign/vec4/off/d v0x61f64308e020_0, 4, 5;
    %pushi/vec4 7, 0, 3;
    %assign/vec4 v0x61f64308d760_0, 0;
    %jmp T_2.23;
T_2.22 ;
    %load/vec4 v0x61f64308e380_0;
    %parti/s 4, 28, 6;
    %ix/load 4, 0, 0;
    %ix/load 5, 0, 0;
    %flag_set/imm 4, 0;
    %assign/vec4/off/d v0x61f64308e020_0, 4, 5;
    %pushi/vec4 0, 0, 3;
    %assign/vec4 v0x61f64308d760_0, 0;
    %pushi/vec4 0, 0, 1;
    %assign/vec4 v0x61f64308d920_0, 0;
    %jmp T_2.23;
T_2.23 ;
    %pop/vec4 1;
T_2.13 ;
T_2.1 ;
    %jmp T_2;
    .thread T_2;
    .scope S_0x61f6430479a0;
T_3 ;
    %wait E_0x61f6430279f0;
    %load/vec4 v0x61f64308e460_0;
    %flag_set/vec4 8;
    %jmp/0xz  T_3.0, 8;
    %pushi/vec4 0, 0, 32;
    %assign/vec4 v0x61f64308dc00_0, 0;
    %pushi/vec4 0, 0, 1;
    %assign/vec4 v0x61f64308dce0_0, 0;
    %jmp T_3.1;
T_3.0 ;
    %load/vec4 v0x61f64308d5a0_0;
    %assign/vec4 v0x61f64308dc00_0, 0;
    %pushi/vec4 0, 0, 1;
    %assign/vec4 v0x61f64308dce0_0, 0;
T_3.1 ;
    %jmp T_3;
    .thread T_3;
    .scope S_0x61f6430479a0;
T_4 ;
    %wait E_0x61f64304ed00;
    %load/vec4 v0x61f64308e460_0;
    %flag_set/vec4 8;
    %jmp/0xz  T_4.0, 8;
    %pushi/vec4 0, 0, 2;
    %assign/vec4 v0x61f64308e1c0_0, 0;
    %pushi/vec4 0, 0, 1;
    %assign/vec4 v0x61f64308d9e0_0, 0;
    %pushi/vec4 0, 0, 1;
    %assign/vec4 v0x61f64308d920_0, 0;
    %pushi/vec4 0, 0, 24;
    %assign/vec4 v0x61f64308e520_0, 0;
    %pushi/vec4 0, 0, 4;
    %assign/vec4 v0x61f64308db40_0, 0;
    %jmp T_4.1;
T_4.0 ;
    %load/vec4 v0x61f64308de60_0;
    %cmpi/e 0, 0, 3;
    %jmp/0xz  T_4.2, 4;
    %pushi/vec4 1, 0, 2;
    %assign/vec4 v0x61f64308e1c0_0, 0;
    %pushi/vec4 0, 0, 32;
    %load/vec4 v0x61f64308d2b0_0;
    %cmp/u;
    %flag_get/vec4 4;
    %flag_get/vec4 5;
    %or;
    %load/vec4 v0x61f64308d2b0_0;
    %cmpi/u 16777215, 0, 32;
    %flag_get/vec4 4;
    %flag_get/vec4 5;
    %or;
    %and;
    %flag_set/vec4 8;
    %jmp/0 T_4.4, 8;
    %pushi/vec4 1, 0, 1;
    %jmp/1 T_4.5, 8;
T_4.4 ; End of true expr.
    %pushi/vec4 0, 0, 1;
    %jmp/0 T_4.5, 8;
 ; End of false expr.
    %blend;
T_4.5;
    %assign/vec4 v0x61f64308d9e0_0, 0;
T_4.2 ;
    %load/vec4 v0x61f64308de60_0;
    %cmpi/e 3, 0, 3;
    %jmp/0xz  T_4.6, 4;
    %pushi/vec4 1, 0, 2;
    %assign/vec4 v0x61f64308e1c0_0, 0;
    %pushi/vec4 0, 0, 32;
    %load/vec4 v0x61f64308d2b0_0;
    %cmp/u;
    %flag_get/vec4 4;
    %flag_get/vec4 5;
    %or;
    %load/vec4 v0x61f64308d2b0_0;
    %cmpi/u 16777215, 0, 32;
    %flag_get/vec4 4;
    %flag_get/vec4 5;
    %or;
    %and;
    %flag_set/vec4 8;
    %pushi/vec4 16777224, 0, 32;
    %load/vec4 v0x61f64308d2b0_0;
    %cmp/u;
    %flag_get/vec4 4;
    %flag_get/vec4 5;
    %or;
    %load/vec4 v0x61f64308d2b0_0;
    %cmpi/u 16777231, 0, 32;
    %flag_get/vec4 4;
    %flag_get/vec4 5;
    %or;
    %and;
    %flag_set/vec4 9;
    %flag_or 9, 8;
    %jmp/0 T_4.8, 9;
    %pushi/vec4 1, 0, 1;
    %jmp/1 T_4.9, 9;
T_4.8 ; End of true expr.
    %pushi/vec4 0, 0, 1;
    %jmp/0 T_4.9, 9;
 ; End of false expr.
    %blend;
T_4.9;
    %assign/vec4 v0x61f64308d9e0_0, 0;
T_4.6 ;
    %load/vec4 v0x61f64308de60_0;
    %cmpi/e 1, 0, 3;
    %flag_mov 8, 4;
    %load/vec4 v0x61f64308de60_0;
    %cmpi/e 4, 0, 3;
    %flag_or 4, 8;
    %jmp/0xz  T_4.10, 4;
    %pushi/vec4 2, 0, 2;
    %assign/vec4 v0x61f64308e1c0_0, 0;
    %pushi/vec4 0, 0, 32;
    %load/vec4 v0x61f64308d2b0_0;
    %cmp/u;
    %flag_get/vec4 4;
    %flag_get/vec4 5;
    %or;
    %load/vec4 v0x61f64308d2b0_0;
    %cmpi/u 16777215, 0, 32;
    %flag_get/vec4 4;
    %flag_get/vec4 5;
    %or;
    %and;
    %flag_set/vec4 8;
    %jmp/0 T_4.12, 8;
    %pushi/vec4 1, 0, 1;
    %jmp/1 T_4.13, 8;
T_4.12 ; End of true expr.
    %pushi/vec4 0, 0, 1;
    %jmp/0 T_4.13, 8;
 ; End of false expr.
    %blend;
T_4.13;
    %assign/vec4 v0x61f64308d9e0_0, 0;
T_4.10 ;
    %load/vec4 v0x61f64308de60_0;
    %cmpi/e 2, 0, 3;
    %jmp/0xz  T_4.14, 4;
    %pushi/vec4 3, 0, 2;
    %assign/vec4 v0x61f64308e1c0_0, 0;
    %pushi/vec4 0, 0, 32;
    %load/vec4 v0x61f64308d2b0_0;
    %cmp/u;
    %flag_get/vec4 4;
    %flag_get/vec4 5;
    %or;
    %load/vec4 v0x61f64308d2b0_0;
    %cmpi/u 16777215, 0, 32;
    %flag_get/vec4 4;
    %flag_get/vec4 5;
    %or;
    %and;
    %flag_set/vec4 8;
    %jmp/0 T_4.16, 8;
    %pushi/vec4 1, 0, 1;
    %jmp/1 T_4.17, 8;
T_4.16 ; End of true expr.
    %pushi/vec4 0, 0, 1;
    %jmp/0 T_4.17, 8;
 ; End of false expr.
    %blend;
T_4.17;
    %assign/vec4 v0x61f64308d9e0_0, 0;
T_4.14 ;
    %load/vec4 v0x61f64308de60_0;
    %cmpi/e 5, 0, 3;
    %jmp/0xz  T_4.18, 4;
    %pushi/vec4 1, 0, 2;
    %assign/vec4 v0x61f64308e1c0_0, 0;
    %pushi/vec4 0, 0, 32;
    %load/vec4 v0x61f64308d2b0_0;
    %cmp/u;
    %flag_get/vec4 4;
    %flag_get/vec4 5;
    %or;
    %load/vec4 v0x61f64308d2b0_0;
    %cmpi/u 16777223, 0, 32;
    %flag_get/vec4 4;
    %flag_get/vec4 5;
    %or;
    %and;
    %flag_set/vec4 8;
    %jmp/0 T_4.20, 8;
    %pushi/vec4 1, 0, 1;
    %jmp/1 T_4.21, 8;
T_4.20 ; End of true expr.
    %pushi/vec4 0, 0, 1;
    %jmp/0 T_4.21, 8;
 ; End of false expr.
    %blend;
T_4.21;
    %assign/vec4 v0x61f64308d920_0, 0;
T_4.18 ;
    %load/vec4 v0x61f64308de60_0;
    %cmpi/e 6, 0, 3;
    %jmp/0xz  T_4.22, 4;
    %pushi/vec4 2, 0, 2;
    %assign/vec4 v0x61f64308e1c0_0, 0;
    %pushi/vec4 0, 0, 32;
    %load/vec4 v0x61f64308d2b0_0;
    %cmp/u;
    %flag_get/vec4 4;
    %flag_get/vec4 5;
    %or;
    %load/vec4 v0x61f64308d2b0_0;
    %cmpi/u 16777215, 0, 32;
    %flag_get/vec4 4;
    %flag_get/vec4 5;
    %or;
    %and;
    %flag_set/vec4 8;
    %jmp/0 T_4.24, 8;
    %pushi/vec4 1, 0, 1;
    %jmp/1 T_4.25, 8;
T_4.24 ; End of true expr.
    %pushi/vec4 0, 0, 1;
    %jmp/0 T_4.25, 8;
 ; End of false expr.
    %blend;
T_4.25;
    %assign/vec4 v0x61f64308d920_0, 0;
T_4.22 ;
    %load/vec4 v0x61f64308de60_0;
    %cmpi/e 7, 0, 3;
    %jmp/0xz  T_4.26, 4;
    %pushi/vec4 3, 0, 2;
    %assign/vec4 v0x61f64308e1c0_0, 0;
    %pushi/vec4 0, 0, 32;
    %load/vec4 v0x61f64308d2b0_0;
    %cmp/u;
    %flag_get/vec4 4;
    %flag_get/vec4 5;
    %or;
    %load/vec4 v0x61f64308d2b0_0;
    %cmpi/u 16777215, 0, 32;
    %flag_get/vec4 4;
    %flag_get/vec4 5;
    %or;
    %and;
    %flag_set/vec4 8;
    %jmp/0 T_4.28, 8;
    %pushi/vec4 1, 0, 1;
    %jmp/1 T_4.29, 8;
T_4.28 ; End of true expr.
    %pushi/vec4 0, 0, 1;
    %jmp/0 T_4.29, 8;
 ; End of false expr.
    %blend;
T_4.29;
    %assign/vec4 v0x61f64308d920_0, 0;
T_4.26 ;
    %pushi/vec4 16777216, 0, 32;
    %load/vec4 v0x61f64308d2b0_0;
    %cmp/u;
    %flag_get/vec4 4;
    %flag_get/vec4 5;
    %or;
    %load/vec4 v0x61f64308d2b0_0;
    %cmpi/u 16777231, 0, 32;
    %flag_get/vec4 4;
    %flag_get/vec4 5;
    %or;
    %and;
    %flag_set/vec4 8;
    %jmp/0 T_4.30, 8;
    %load/vec4 v0x61f64308d2b0_0;
    %parti/s 4, 0, 2;
    %jmp/1 T_4.31, 8;
T_4.30 ; End of true expr.
    %pushi/vec4 0, 0, 4;
    %jmp/0 T_4.31, 8;
 ; End of false expr.
    %blend;
T_4.31;
    %assign/vec4 v0x61f64308db40_0, 0;
    %pushi/vec4 0, 0, 32;
    %load/vec4 v0x61f64308d2b0_0;
    %cmp/u;
    %flag_get/vec4 4;
    %flag_get/vec4 5;
    %or;
    %load/vec4 v0x61f64308d2b0_0;
    %cmpi/u 16777215, 0, 32;
    %flag_get/vec4 4;
    %flag_get/vec4 5;
    %or;
    %and;
    %flag_set/vec4 8;
    %jmp/0 T_4.32, 8;
    %load/vec4 v0x61f64308d2b0_0;
    %parti/s 24, 0, 2;
    %jmp/1 T_4.33, 8;
T_4.32 ; End of true expr.
    %pushi/vec4 8388608, 0, 24;
    %jmp/0 T_4.33, 8;
 ; End of false expr.
    %blend;
T_4.33;
    %assign/vec4 v0x61f64308e520_0, 0;
T_4.1 ;
    %jmp T_4;
    .thread T_4;
    .scope S_0x61f6430479a0;
T_5 ;
    %wait E_0x61f64304e540;
    %load/vec4 v0x61f64308e460_0;
    %flag_set/vec4 8;
    %jmp/0xz  T_5.0, 8;
    %pushi/vec4 0, 0, 32;
    %assign/vec4 v0x61f64308d840_0, 0;
    %pushi/vec4 0, 0, 32;
    %assign/vec4 v0x61f64308d5a0_0, 0;
    %pushi/vec4 0, 0, 1;
    %assign/vec4 v0x61f64308d9e0_0, 0;
    %jmp T_5.1;
T_5.0 ;
    %load/vec4 v0x61f64308de60_0;
    %cmpi/e 3, 0, 3;
    %jmp/0xz  T_5.2, 4;
    %pushi/vec4 0, 0, 24;
    %ix/load 4, 8, 0;
    %ix/load 5, 0, 0;
    %flag_set/imm 4, 0;
    %assign/vec4/off/d v0x61f64308d5a0_0, 4, 5;
T_5.2 ;
    %load/vec4 v0x61f64308de60_0;
    %cmpi/e 4, 0, 3;
    %jmp/0xz  T_5.4, 4;
    %pushi/vec4 0, 0, 16;
    %ix/load 4, 16, 0;
    %ix/load 5, 0, 0;
    %flag_set/imm 4, 0;
    %assign/vec4/off/d v0x61f64308d5a0_0, 4, 5;
T_5.4 ;
    %load/vec4 v0x61f64308de60_0;
    %cmpi/e 1, 0, 3;
    %jmp/0xz  T_5.6, 4;
    %load/vec4 v0x61f64308d5a0_0;
    %parti/s 1, 15, 5;
    %replicate 16;
    %ix/load 4, 16, 0;
    %ix/load 5, 0, 0;
    %flag_set/imm 4, 0;
    %assign/vec4/off/d v0x61f64308d5a0_0, 4, 5;
T_5.6 ;
    %load/vec4 v0x61f64308de60_0;
    %cmpi/e 0, 0, 3;
    %jmp/0xz  T_5.8, 4;
    %load/vec4 v0x61f64308d5a0_0;
    %parti/s 1, 7, 4;
    %replicate 24;
    %ix/load 4, 8, 0;
    %ix/load 5, 0, 0;
    %flag_set/imm 4, 0;
    %assign/vec4/off/d v0x61f64308d5a0_0, 4, 5;
T_5.8 ;
    %load/vec4 v0x61f64308d5a0_0;
    %assign/vec4 v0x61f64308d840_0, 0;
    %pushi/vec4 0, 0, 1;
    %assign/vec4 v0x61f64308d9e0_0, 0;
T_5.1 ;
    %jmp T_5;
    .thread T_5;
    .scope S_0x61f643047810;
T_6 ;
    %pushi/vec4 0, 0, 1;
    %store/vec4 v0x61f64308eab0_0, 0, 1;
    %delay 10, 0;
    %pushi/vec4 1, 0, 1;
    %store/vec4 v0x61f64308eab0_0, 0, 1;
    %delay 10, 0;
    %jmp T_6;
    .thread T_6;
    .scope S_0x61f643047810;
T_7 ;
    %pushi/vec4 0, 0, 1;
    %store/vec4 v0x61f64308f030_0, 0, 1;
    %delay 5, 0;
    %pushi/vec4 1, 0, 1;
    %store/vec4 v0x61f64308f030_0, 0, 1;
    %delay 5, 0;
    %jmp T_7;
    .thread T_7;
    .scope S_0x61f643047810;
T_8 ;
    %vpi_call 2 38 "$dumpfile", "memController.vcd" {0 0 0};
    %vpi_call 2 39 "$dumpvars", 32'sb00000000000000000000000000000000, S_0x61f643047810 {0 0 0};
    %pushi/vec4 1, 0, 1;
    %store/vec4 v0x61f64308f6b0_0, 0, 1;
    %delay 1, 0;
    %pushi/vec4 0, 0, 1;
    %store/vec4 v0x61f64308f6b0_0, 0, 1;
    %delay 1, 0;
    %pushi/vec4 0, 0, 32;
    %store/vec4 v0x61f64308f510_0, 0, 32;
    %pushi/vec4 8388608, 0, 32;
    %store/vec4 v0x61f64304b400_0, 0, 32;
    %pushi/vec4 2779096485, 0, 32;
    %store/vec4 v0x61f64308f5e0_0, 0, 32;
    %pushi/vec4 4042322160, 0, 32;
    %store/vec4 v0x61f64308f1d0_0, 0, 32;
    %pushi/vec4 0, 0, 3;
    %store/vec4 v0x61f64308f100_0, 0, 3;
    %pushi/vec4 0, 0, 3;
    %store/vec4 v0x61f64308eb80_0, 0, 3;
    %pushi/vec4 0, 0, 1;
    %store/vec4 v0x61f64308f370_0, 0, 1;
    %pushi/vec4 0, 0, 1;
    %store/vec4 v0x61f64308e9e0_0, 0, 1;
    %delay 10, 0;
    %pushi/vec4 4, 0, 32;
    %store/vec4 v0x61f64308f510_0, 0, 32;
    %delay 10, 0;
    %pushi/vec4 0, 0, 3;
    %store/vec4 v0x61f64308f100_0, 0, 3;
    %pushi/vec4 8388612, 0, 32;
    %store/vec4 v0x61f64304b400_0, 0, 32;
    %pushi/vec4 1, 0, 1;
    %store/vec4 v0x61f64308e9e0_0, 0, 1;
    %delay 10, 0;
    %pushi/vec4 0, 0, 1;
    %store/vec4 v0x61f64308e9e0_0, 0, 1;
    %delay 10, 0;
    %pushi/vec4 1, 0, 1;
    %store/vec4 v0x61f64308f370_0, 0, 1;
    %delay 10, 0;
    %pushi/vec4 0, 0, 1;
    %store/vec4 v0x61f64308f370_0, 0, 1;
    %pushi/vec4 4, 0, 3;
    %store/vec4 v0x61f64308f100_0, 0, 3;
    %pushi/vec4 8388616, 0, 32;
    %store/vec4 v0x61f64304b400_0, 0, 32;
    %pushi/vec4 1, 0, 1;
    %store/vec4 v0x61f64308e9e0_0, 0, 1;
    %delay 10, 0;
    %pushi/vec4 0, 0, 1;
    %store/vec4 v0x61f64308e9e0_0, 0, 1;
    %delay 10, 0;
    %pushi/vec4 1, 0, 1;
    %store/vec4 v0x61f64308f370_0, 0, 1;
    %delay 10, 0;
    %pushi/vec4 0, 0, 1;
    %store/vec4 v0x61f64308f370_0, 0, 1;
    %pushi/vec4 2, 0, 3;
    %store/vec4 v0x61f64308f100_0, 0, 3;
    %pushi/vec4 8388620, 0, 32;
    %store/vec4 v0x61f64304b400_0, 0, 32;
    %pushi/vec4 1, 0, 1;
    %store/vec4 v0x61f64308e9e0_0, 0, 1;
    %delay 10, 0;
    %pushi/vec4 0, 0, 1;
    %store/vec4 v0x61f64308e9e0_0, 0, 1;
    %delay 10, 0;
    %pushi/vec4 1, 0, 1;
    %store/vec4 v0x61f64308f370_0, 0, 1;
    %delay 10, 0;
    %pushi/vec4 0, 0, 1;
    %store/vec4 v0x61f64308f370_0, 0, 1;
    %pushi/vec4 5, 0, 3;
    %store/vec4 v0x61f64308f100_0, 0, 3;
    %pushi/vec4 16777216, 0, 32;
    %store/vec4 v0x61f64304b400_0, 0, 32;
    %pushi/vec4 1, 0, 1;
    %store/vec4 v0x61f64308e9e0_0, 0, 1;
    %delay 10, 0;
    %pushi/vec4 0, 0, 1;
    %store/vec4 v0x61f64308e9e0_0, 0, 1;
    %delay 10, 0;
    %pushi/vec4 1, 0, 1;
    %store/vec4 v0x61f64308f370_0, 0, 1;
    %delay 10, 0;
    %pushi/vec4 0, 0, 1;
    %store/vec4 v0x61f64308f370_0, 0, 1;
    %pushi/vec4 7, 0, 3;
    %store/vec4 v0x61f64308f100_0, 0, 3;
    %pushi/vec4 8388620, 0, 32;
    %store/vec4 v0x61f64304b400_0, 0, 32;
    %pushi/vec4 1, 0, 1;
    %store/vec4 v0x61f64308e9e0_0, 0, 1;
    %delay 10, 0;
    %pushi/vec4 0, 0, 1;
    %store/vec4 v0x61f64308e9e0_0, 0, 1;
    %delay 10, 0;
    %pushi/vec4 1, 0, 1;
    %store/vec4 v0x61f64308f370_0, 0, 1;
    %delay 10, 0;
    %pushi/vec4 0, 0, 1;
    %store/vec4 v0x61f64308f370_0, 0, 1;
    %delay 20, 0;
    %vpi_call 2 97 "$finish" {0 0 0};
    %end;
    .thread T_8;
# The file index is used to find the file name in the following table.
:file_names 5;
    "N/A";
    "<interactive>";
    "tb/tb_memController.v";
    "src/memController.v";
    "src/or2.v";
