#! /usr/bin/vvp
:ivl_version "11.0 (stable)";
:ivl_delay_selection "TYPICAL";
:vpi_time_precision + 0;
:vpi_module "/usr/lib/x86_64-linux-gnu/ivl/system.vpi";
:vpi_module "/usr/lib/x86_64-linux-gnu/ivl/vhdl_sys.vpi";
:vpi_module "/usr/lib/x86_64-linux-gnu/ivl/vhdl_textio.vpi";
:vpi_module "/usr/lib/x86_64-linux-gnu/ivl/v2005_math.vpi";
:vpi_module "/usr/lib/x86_64-linux-gnu/ivl/va_math.vpi";
S_0x605eeb9a3970 .scope module, "tb_mux21" "tb_mux21" 2 1;
 .timescale 0 0;
    .port_info 0 /OUTPUT 32 "a_tb";
    .port_info 1 /OUTPUT 32 "b_tb";
    .port_info 2 /OUTPUT 1 "s_tb";
    .port_info 3 /INPUT 32 "y_tb";
v0x605eeb9b5af0_0 .var "a_tb", 31 0;
v0x605eeb9b5bd0_0 .var "b_tb", 31 0;
v0x605eeb9b5ca0_0 .var "s_tb", 0 0;
v0x605eeb9b5da0_0 .net "y_tb", 31 0, L_0x605eeb9b5ec0;  1 drivers
S_0x605eeb9a3b70 .scope module, "dut" "mux21" 2 7, 3 1 0, S_0x605eeb9a3970;
 .timescale 0 0;
    .port_info 0 /INPUT 32 "a";
    .port_info 1 /INPUT 32 "b";
    .port_info 2 /INPUT 1 "s";
    .port_info 3 /OUTPUT 32 "y";
P_0x605eeb9a3d00 .param/l "N" 0 3 1, +C4<00000000000000000000000000100000>;
v0x605eeb969cf0_0 .net "a", 31 0, v0x605eeb9b5af0_0;  1 drivers
v0x605eeb9b57b0_0 .net "b", 31 0, v0x605eeb9b5bd0_0;  1 drivers
v0x605eeb9b5890_0 .net "s", 0 0, v0x605eeb9b5ca0_0;  1 drivers
v0x605eeb9b5960_0 .net "y", 31 0, L_0x605eeb9b5ec0;  alias, 1 drivers
L_0x605eeb9b5ec0 .functor MUXZ 32, v0x605eeb9b5af0_0, v0x605eeb9b5bd0_0, v0x605eeb9b5ca0_0, C4<>;
    .scope S_0x605eeb9a3970;
T_0 ;
    %vpi_call 2 10 "$dumpfile", "mux21.vcd" {0 0 0};
    %vpi_call 2 11 "$dumpvars", 32'sb00000000000000000000000000000000, S_0x605eeb9a3970 {0 0 0};
    %pushi/vec4 2882461458, 0, 32;
    %store/vec4 v0x605eeb9b5af0_0, 0, 32;
    %pushi/vec4 305419896, 0, 32;
    %store/vec4 v0x605eeb9b5bd0_0, 0, 32;
    %pushi/vec4 0, 0, 1;
    %store/vec4 v0x605eeb9b5ca0_0, 0, 1;
    %delay 1, 0;
    %pushi/vec4 1, 0, 1;
    %store/vec4 v0x605eeb9b5ca0_0, 0, 1;
    %delay 1, 0;
    %pushi/vec4 0, 0, 1;
    %store/vec4 v0x605eeb9b5ca0_0, 0, 1;
    %delay 1, 0;
    %vpi_call 2 17 "$finish" {0 0 0};
    %end;
    .thread T_0;
# The file index is used to find the file name in the following table.
:file_names 4;
    "N/A";
    "<interactive>";
    "./tb/tb_mux21.v";
    "./src/mux21.v";
