#! /usr/bin/vvp
:ivl_version "11.0 (stable)";
:ivl_delay_selection "TYPICAL";
:vpi_time_precision + 0;
:vpi_module "/usr/lib/x86_64-linux-gnu/ivl/system.vpi";
:vpi_module "/usr/lib/x86_64-linux-gnu/ivl/vhdl_sys.vpi";
:vpi_module "/usr/lib/x86_64-linux-gnu/ivl/vhdl_textio.vpi";
:vpi_module "/usr/lib/x86_64-linux-gnu/ivl/v2005_math.vpi";
:vpi_module "/usr/lib/x86_64-linux-gnu/ivl/va_math.vpi";
S_0x5b12491ad660 .scope module, "tb_or2" "tb_or2" 2 1;
 .timescale 0 0;
v0x5b12491be700_0 .var "a_tb", 31 0;
v0x5b12491be7f0_0 .var "b_tb", 31 0;
v0x5b12491be8c0_0 .net "y_tb", 31 0, L_0x5b12491be9c0;  1 drivers
S_0x5b12491ad7f0 .scope module, "dut" "or2" 2 6, 3 1 0, S_0x5b12491ad660;
 .timescale 0 0;
    .port_info 0 /INPUT 32 "a";
    .port_info 1 /INPUT 32 "b";
    .port_info 2 /OUTPUT 32 "y";
P_0x5b12491ad9d0 .param/l "N" 0 3 1, +C4<00000000000000000000000000100000>;
L_0x5b12491be9c0 .functor OR 32, v0x5b12491be700_0, v0x5b12491be7f0_0, C4<00000000000000000000000000000000>, C4<00000000000000000000000000000000>;
v0x5b1249173cf0_0 .net "a", 31 0, v0x5b12491be700_0;  1 drivers
v0x5b12491be4b0_0 .net "b", 31 0, v0x5b12491be7f0_0;  1 drivers
v0x5b12491be590_0 .net "y", 31 0, L_0x5b12491be9c0;  alias, 1 drivers
    .scope S_0x5b12491ad660;
T_0 ;
    %vpi_call 2 12 "$dumpfile", "or2.vcd" {0 0 0};
    %vpi_call 2 13 "$dumpvars", 32'sb00000000000000000000000000000000, S_0x5b12491ad660 {0 0 0};
    %pushi/vec4 305419896, 0, 32;
    %store/vec4 v0x5b12491be700_0, 0, 32;
    %pushi/vec4 305419896, 0, 32;
    %store/vec4 v0x5b12491be7f0_0, 0, 32;
    %delay 1, 0;
    %pushi/vec4 0, 0, 32;
    %store/vec4 v0x5b12491be700_0, 0, 32;
    %pushi/vec4 4294967295, 0, 32;
    %store/vec4 v0x5b12491be7f0_0, 0, 32;
    %delay 1, 0;
    %vpi_call 2 18 "$finish" {0 0 0};
    %end;
    .thread T_0;
# The file index is used to find the file name in the following table.
:file_names 4;
    "N/A";
    "<interactive>";
    "./tb/tb_or2.v";
    "./src/or2.v";
