#! /usr/bin/vvp
:ivl_version "11.0 (stable)";
:ivl_delay_selection "TYPICAL";
:vpi_time_precision + 0;
:vpi_module "/usr/lib/x86_64-linux-gnu/ivl/system.vpi";
:vpi_module "/usr/lib/x86_64-linux-gnu/ivl/vhdl_sys.vpi";
:vpi_module "/usr/lib/x86_64-linux-gnu/ivl/vhdl_textio.vpi";
:vpi_module "/usr/lib/x86_64-linux-gnu/ivl/v2005_math.vpi";
:vpi_module "/usr/lib/x86_64-linux-gnu/ivl/va_math.vpi";
S_0x625fb4a6c830 .scope module, "tb_regFile" "tb_regFile" 2 1;
 .timescale 0 0;
v0x625fb4aa5ee0_0 .var "clk_tb", 0 0;
v0x625fb4aa5fa0_0 .var "dIn_tb", 31 0;
v0x625fb4aa6040_0 .net "r1_tb", 31 0, L_0x625fb4ab6aa0;  1 drivers
v0x625fb4aa60e0_0 .net "r2_tb", 31 0, L_0x625fb4ab71c0;  1 drivers
v0x625fb4aa61b0_0 .var "rd_tb", 4 0;
v0x625fb4aa6250_0 .var "rs1_tb", 4 0;
v0x625fb4aa6320_0 .var "rs2_tb", 4 0;
v0x625fb4aa63f0_0 .var "rst_tb", 0 0;
v0x625fb4aa64c0_0 .var "wrEn_tb", 0 0;
E_0x625fb4a744b0 .event posedge, v0x625fb4aa54a0_0;
S_0x625fb4a87120 .scope module, "dut" "regFile" 2 10, 3 1 0, S_0x625fb4a6c830;
 .timescale 0 0;
    .port_info 0 /INPUT 1 "clk";
    .port_info 1 /INPUT 1 "wrEn";
    .port_info 2 /INPUT 5 "rs1";
    .port_info 3 /INPUT 5 "rs2";
    .port_info 4 /INPUT 5 "rd";
    .port_info 5 /OUTPUT 32 "r1";
    .port_info 6 /OUTPUT 32 "r2";
    .port_info 7 /INPUT 1 "rst";
    .port_info 8 /INPUT 32 "dIn";
P_0x625fb4a560c0 .param/l "DATA_WIDTH" 0 3 1, +C4<00000000000000000000000000100000>;
v0x625fb4a819e0_0 .net *"_ivl_0", 31 0, L_0x625fb4aa6590;  1 drivers
v0x625fb4a81f80_0 .net *"_ivl_10", 6 0, L_0x625fb4ab6900;  1 drivers
L_0x79fc52b860a8 .functor BUFT 1, C4<00>, C4<0>, C4<0>, C4<0>;
v0x625fb4a82520_0 .net *"_ivl_13", 1 0, L_0x79fc52b860a8;  1 drivers
L_0x79fc52b860f0 .functor BUFT 1, C4<00000000000000000000000000000000>, C4<0>, C4<0>, C4<0>;
v0x625fb4a82ac0_0 .net/2u *"_ivl_14", 31 0, L_0x79fc52b860f0;  1 drivers
v0x625fb4a83060_0 .net *"_ivl_18", 31 0, L_0x625fb4ab6c80;  1 drivers
L_0x79fc52b86138 .functor BUFT 1, C4<000000000000000000000000000>, C4<0>, C4<0>, C4<0>;
v0x625fb4a83600_0 .net *"_ivl_21", 26 0, L_0x79fc52b86138;  1 drivers
L_0x79fc52b86180 .functor BUFT 1, C4<00000000000000000000000000000000>, C4<0>, C4<0>, C4<0>;
v0x625fb4a83ba0_0 .net/2u *"_ivl_22", 31 0, L_0x79fc52b86180;  1 drivers
v0x625fb4aa4d00_0 .net *"_ivl_24", 0 0, L_0x625fb4ab6e50;  1 drivers
v0x625fb4aa4dc0_0 .net *"_ivl_26", 31 0, L_0x625fb4ab6f90;  1 drivers
v0x625fb4aa4ea0_0 .net *"_ivl_28", 6 0, L_0x625fb4ab7080;  1 drivers
L_0x79fc52b86018 .functor BUFT 1, C4<000000000000000000000000000>, C4<0>, C4<0>, C4<0>;
v0x625fb4aa4f80_0 .net *"_ivl_3", 26 0, L_0x79fc52b86018;  1 drivers
L_0x79fc52b861c8 .functor BUFT 1, C4<00>, C4<0>, C4<0>, C4<0>;
v0x625fb4aa5060_0 .net *"_ivl_31", 1 0, L_0x79fc52b861c8;  1 drivers
L_0x79fc52b86210 .functor BUFT 1, C4<00000000000000000000000000000000>, C4<0>, C4<0>, C4<0>;
v0x625fb4aa5140_0 .net/2u *"_ivl_32", 31 0, L_0x79fc52b86210;  1 drivers
L_0x79fc52b86060 .functor BUFT 1, C4<00000000000000000000000000000000>, C4<0>, C4<0>, C4<0>;
v0x625fb4aa5220_0 .net/2u *"_ivl_4", 31 0, L_0x79fc52b86060;  1 drivers
v0x625fb4aa5300_0 .net *"_ivl_6", 0 0, L_0x625fb4ab66f0;  1 drivers
v0x625fb4aa53c0_0 .net *"_ivl_8", 31 0, L_0x625fb4ab6860;  1 drivers
v0x625fb4aa54a0_0 .net "clk", 0 0, v0x625fb4aa5ee0_0;  1 drivers
v0x625fb4aa5560_0 .net "dIn", 31 0, v0x625fb4aa5fa0_0;  1 drivers
v0x625fb4aa5640_0 .var/i "i", 31 0;
v0x625fb4aa5720_0 .net "r1", 31 0, L_0x625fb4ab6aa0;  alias, 1 drivers
v0x625fb4aa5800_0 .net "r2", 31 0, L_0x625fb4ab71c0;  alias, 1 drivers
v0x625fb4aa58e0_0 .net "rd", 4 0, v0x625fb4aa61b0_0;  1 drivers
v0x625fb4aa59c0 .array "reg_file", 31 0, 31 0;
v0x625fb4aa5a80_0 .net "rs1", 4 0, v0x625fb4aa6250_0;  1 drivers
v0x625fb4aa5b60_0 .net "rs2", 4 0, v0x625fb4aa6320_0;  1 drivers
v0x625fb4aa5c40_0 .net "rst", 0 0, v0x625fb4aa63f0_0;  1 drivers
v0x625fb4aa5d00_0 .net "wrEn", 0 0, v0x625fb4aa64c0_0;  1 drivers
E_0x625fb4a73f70 .event posedge, v0x625fb4aa5c40_0, v0x625fb4aa54a0_0;
L_0x625fb4aa6590 .concat [ 5 27 0 0], v0x625fb4aa6250_0, L_0x79fc52b86018;
L_0x625fb4ab66f0 .cmp/ne 32, L_0x625fb4aa6590, L_0x79fc52b86060;
L_0x625fb4ab6860 .array/port v0x625fb4aa59c0, L_0x625fb4ab6900;
L_0x625fb4ab6900 .concat [ 5 2 0 0], v0x625fb4aa6250_0, L_0x79fc52b860a8;
L_0x625fb4ab6aa0 .functor MUXZ 32, L_0x79fc52b860f0, L_0x625fb4ab6860, L_0x625fb4ab66f0, C4<>;
L_0x625fb4ab6c80 .concat [ 5 27 0 0], v0x625fb4aa6320_0, L_0x79fc52b86138;
L_0x625fb4ab6e50 .cmp/ne 32, L_0x625fb4ab6c80, L_0x79fc52b86180;
L_0x625fb4ab6f90 .array/port v0x625fb4aa59c0, L_0x625fb4ab7080;
L_0x625fb4ab7080 .concat [ 5 2 0 0], v0x625fb4aa6320_0, L_0x79fc52b861c8;
L_0x625fb4ab71c0 .functor MUXZ 32, L_0x79fc52b86210, L_0x625fb4ab6f90, L_0x625fb4ab6e50, C4<>;
    .scope S_0x625fb4a87120;
T_0 ;
    %pushi/vec4 0, 0, 32;
    %store/vec4 v0x625fb4aa5640_0, 0, 32;
    %end;
    .thread T_0;
    .scope S_0x625fb4a87120;
T_1 ;
    %pushi/vec4 0, 0, 32;
    %store/vec4 v0x625fb4aa5640_0, 0, 32;
T_1.0 ;
    %load/vec4 v0x625fb4aa5640_0;
    %cmpi/s 32, 0, 32;
    %jmp/0xz T_1.1, 5;
    %pushi/vec4 0, 0, 32;
    %ix/getv/s 4, v0x625fb4aa5640_0;
    %store/vec4a v0x625fb4aa59c0, 4, 0;
    %load/vec4 v0x625fb4aa5640_0;
    %addi 1, 0, 32;
    %store/vec4 v0x625fb4aa5640_0, 0, 32;
    %jmp T_1.0;
T_1.1 ;
    %end;
    .thread T_1;
    .scope S_0x625fb4a87120;
T_2 ;
    %wait E_0x625fb4a73f70;
    %load/vec4 v0x625fb4aa5c40_0;
    %flag_set/vec4 8;
    %jmp/0xz  T_2.0, 8;
    %pushi/vec4 0, 0, 32;
    %ix/load 3, 0, 0;
    %flag_set/imm 4, 0;
    %ix/load 4, 0, 0; Constant delay
    %assign/vec4/a/d v0x625fb4aa59c0, 0, 4;
    %pushi/vec4 0, 0, 32;
    %ix/load 3, 1, 0;
    %flag_set/imm 4, 0;
    %ix/load 4, 0, 0; Constant delay
    %assign/vec4/a/d v0x625fb4aa59c0, 0, 4;
    %pushi/vec4 0, 0, 32;
    %ix/load 3, 2, 0;
    %flag_set/imm 4, 0;
    %ix/load 4, 0, 0; Constant delay
    %assign/vec4/a/d v0x625fb4aa59c0, 0, 4;
    %pushi/vec4 0, 0, 32;
    %ix/load 3, 3, 0;
    %flag_set/imm 4, 0;
    %ix/load 4, 0, 0; Constant delay
    %assign/vec4/a/d v0x625fb4aa59c0, 0, 4;
    %pushi/vec4 0, 0, 32;
    %ix/load 3, 4, 0;
    %flag_set/imm 4, 0;
    %ix/load 4, 0, 0; Constant delay
    %assign/vec4/a/d v0x625fb4aa59c0, 0, 4;
    %pushi/vec4 0, 0, 32;
    %ix/load 3, 5, 0;
    %flag_set/imm 4, 0;
    %ix/load 4, 0, 0; Constant delay
    %assign/vec4/a/d v0x625fb4aa59c0, 0, 4;
    %pushi/vec4 0, 0, 32;
    %ix/load 3, 6, 0;
    %flag_set/imm 4, 0;
    %ix/load 4, 0, 0; Constant delay
    %assign/vec4/a/d v0x625fb4aa59c0, 0, 4;
    %pushi/vec4 0, 0, 32;
    %ix/load 3, 7, 0;
    %flag_set/imm 4, 0;
    %ix/load 4, 0, 0; Constant delay
    %assign/vec4/a/d v0x625fb4aa59c0, 0, 4;
    %pushi/vec4 0, 0, 32;
    %ix/load 3, 8, 0;
    %flag_set/imm 4, 0;
    %ix/load 4, 0, 0; Constant delay
    %assign/vec4/a/d v0x625fb4aa59c0, 0, 4;
    %pushi/vec4 0, 0, 32;
    %ix/load 3, 9, 0;
    %flag_set/imm 4, 0;
    %ix/load 4, 0, 0; Constant delay
    %assign/vec4/a/d v0x625fb4aa59c0, 0, 4;
    %pushi/vec4 0, 0, 32;
    %ix/load 3, 10, 0;
    %flag_set/imm 4, 0;
    %ix/load 4, 0, 0; Constant delay
    %assign/vec4/a/d v0x625fb4aa59c0, 0, 4;
    %pushi/vec4 0, 0, 32;
    %ix/load 3, 11, 0;
    %flag_set/imm 4, 0;
    %ix/load 4, 0, 0; Constant delay
    %assign/vec4/a/d v0x625fb4aa59c0, 0, 4;
    %pushi/vec4 0, 0, 32;
    %ix/load 3, 12, 0;
    %flag_set/imm 4, 0;
    %ix/load 4, 0, 0; Constant delay
    %assign/vec4/a/d v0x625fb4aa59c0, 0, 4;
    %pushi/vec4 0, 0, 32;
    %ix/load 3, 13, 0;
    %flag_set/imm 4, 0;
    %ix/load 4, 0, 0; Constant delay
    %assign/vec4/a/d v0x625fb4aa59c0, 0, 4;
    %pushi/vec4 0, 0, 32;
    %ix/load 3, 14, 0;
    %flag_set/imm 4, 0;
    %ix/load 4, 0, 0; Constant delay
    %assign/vec4/a/d v0x625fb4aa59c0, 0, 4;
    %pushi/vec4 0, 0, 32;
    %ix/load 3, 15, 0;
    %flag_set/imm 4, 0;
    %ix/load 4, 0, 0; Constant delay
    %assign/vec4/a/d v0x625fb4aa59c0, 0, 4;
    %pushi/vec4 0, 0, 32;
    %ix/load 3, 16, 0;
    %flag_set/imm 4, 0;
    %ix/load 4, 0, 0; Constant delay
    %assign/vec4/a/d v0x625fb4aa59c0, 0, 4;
    %pushi/vec4 0, 0, 32;
    %ix/load 3, 17, 0;
    %flag_set/imm 4, 0;
    %ix/load 4, 0, 0; Constant delay
    %assign/vec4/a/d v0x625fb4aa59c0, 0, 4;
    %pushi/vec4 0, 0, 32;
    %ix/load 3, 18, 0;
    %flag_set/imm 4, 0;
    %ix/load 4, 0, 0; Constant delay
    %assign/vec4/a/d v0x625fb4aa59c0, 0, 4;
    %pushi/vec4 0, 0, 32;
    %ix/load 3, 19, 0;
    %flag_set/imm 4, 0;
    %ix/load 4, 0, 0; Constant delay
    %assign/vec4/a/d v0x625fb4aa59c0, 0, 4;
    %pushi/vec4 0, 0, 32;
    %ix/load 3, 20, 0;
    %flag_set/imm 4, 0;
    %ix/load 4, 0, 0; Constant delay
    %assign/vec4/a/d v0x625fb4aa59c0, 0, 4;
    %pushi/vec4 0, 0, 32;
    %ix/load 3, 21, 0;
    %flag_set/imm 4, 0;
    %ix/load 4, 0, 0; Constant delay
    %assign/vec4/a/d v0x625fb4aa59c0, 0, 4;
    %pushi/vec4 0, 0, 32;
    %ix/load 3, 22, 0;
    %flag_set/imm 4, 0;
    %ix/load 4, 0, 0; Constant delay
    %assign/vec4/a/d v0x625fb4aa59c0, 0, 4;
    %pushi/vec4 0, 0, 32;
    %ix/load 3, 23, 0;
    %flag_set/imm 4, 0;
    %ix/load 4, 0, 0; Constant delay
    %assign/vec4/a/d v0x625fb4aa59c0, 0, 4;
    %pushi/vec4 0, 0, 32;
    %ix/load 3, 24, 0;
    %flag_set/imm 4, 0;
    %ix/load 4, 0, 0; Constant delay
    %assign/vec4/a/d v0x625fb4aa59c0, 0, 4;
    %pushi/vec4 0, 0, 32;
    %ix/load 3, 25, 0;
    %flag_set/imm 4, 0;
    %ix/load 4, 0, 0; Constant delay
    %assign/vec4/a/d v0x625fb4aa59c0, 0, 4;
    %pushi/vec4 0, 0, 32;
    %ix/load 3, 26, 0;
    %flag_set/imm 4, 0;
    %ix/load 4, 0, 0; Constant delay
    %assign/vec4/a/d v0x625fb4aa59c0, 0, 4;
    %pushi/vec4 0, 0, 32;
    %ix/load 3, 27, 0;
    %flag_set/imm 4, 0;
    %ix/load 4, 0, 0; Constant delay
    %assign/vec4/a/d v0x625fb4aa59c0, 0, 4;
    %pushi/vec4 0, 0, 32;
    %ix/load 3, 28, 0;
    %flag_set/imm 4, 0;
    %ix/load 4, 0, 0; Constant delay
    %assign/vec4/a/d v0x625fb4aa59c0, 0, 4;
    %pushi/vec4 0, 0, 32;
    %ix/load 3, 29, 0;
    %flag_set/imm 4, 0;
    %ix/load 4, 0, 0; Constant delay
    %assign/vec4/a/d v0x625fb4aa59c0, 0, 4;
    %pushi/vec4 0, 0, 32;
    %ix/load 3, 30, 0;
    %flag_set/imm 4, 0;
    %ix/load 4, 0, 0; Constant delay
    %assign/vec4/a/d v0x625fb4aa59c0, 0, 4;
    %pushi/vec4 0, 0, 32;
    %ix/load 3, 31, 0;
    %flag_set/imm 4, 0;
    %ix/load 4, 0, 0; Constant delay
    %assign/vec4/a/d v0x625fb4aa59c0, 0, 4;
    %jmp T_2.1;
T_2.0 ;
    %load/vec4 v0x625fb4aa5d00_0;
    %load/vec4 v0x625fb4aa58e0_0;
    %pad/u 32;
    %pushi/vec4 0, 0, 32;
    %cmp/ne;
    %flag_get/vec4 4;
    %and;
    %flag_set/vec4 8;
    %jmp/0 T_2.2, 8;
    %load/vec4 v0x625fb4aa5560_0;
    %jmp/1 T_2.3, 8;
T_2.2 ; End of true expr.
    %load/vec4 v0x625fb4aa58e0_0;
    %pad/u 7;
    %ix/vec4 4;
    %load/vec4a v0x625fb4aa59c0, 4;
    %jmp/0 T_2.3, 8;
 ; End of false expr.
    %blend;
T_2.3;
    %load/vec4 v0x625fb4aa58e0_0;
    %pad/u 7;
    %ix/vec4 3;
    %ix/load 4, 0, 0; Constant delay
    %assign/vec4/a/d v0x625fb4aa59c0, 0, 4;
T_2.1 ;
    %jmp T_2;
    .thread T_2;
    .scope S_0x625fb4a6c830;
T_3 ;
    %pushi/vec4 0, 0, 1;
    %store/vec4 v0x625fb4aa5ee0_0, 0, 1;
    %delay 5, 0;
    %pushi/vec4 1, 0, 1;
    %store/vec4 v0x625fb4aa5ee0_0, 0, 1;
    %delay 5, 0;
    %jmp T_3;
    .thread T_3;
    .scope S_0x625fb4a6c830;
T_4 ;
    %vpi_call 2 29 "$dumpfile", "regFile.vcd" {0 0 0};
    %vpi_call 2 30 "$dumpvars", 32'sb00000000000000000000000000000000, S_0x625fb4a6c830 {0 0 0};
    %pushi/vec4 0, 0, 1;
    %store/vec4 v0x625fb4aa64c0_0, 0, 1;
    %pushi/vec4 1, 0, 1;
    %store/vec4 v0x625fb4aa63f0_0, 0, 1;
    %pushi/vec4 8, 0, 5;
    %store/vec4 v0x625fb4aa6250_0, 0, 5;
    %pushi/vec4 23, 0, 5;
    %store/vec4 v0x625fb4aa6320_0, 0, 5;
    %delay 1, 0;
    %pushi/vec4 0, 0, 1;
    %store/vec4 v0x625fb4aa63f0_0, 0, 1;
    %wait E_0x625fb4a744b0;
    %pushi/vec4 1, 0, 1;
    %store/vec4 v0x625fb4aa64c0_0, 0, 1;
    %pushi/vec4 0, 0, 5;
    %store/vec4 v0x625fb4aa61b0_0, 0, 5;
    %pushi/vec4 4210752000, 0, 32;
    %store/vec4 v0x625fb4aa5fa0_0, 0, 32;
    %wait E_0x625fb4a744b0;
    %pushi/vec4 1, 0, 1;
    %store/vec4 v0x625fb4aa64c0_0, 0, 1;
    %pushi/vec4 1, 0, 5;
    %store/vec4 v0x625fb4aa61b0_0, 0, 5;
    %pushi/vec4 4210752001, 0, 32;
    %store/vec4 v0x625fb4aa5fa0_0, 0, 32;
    %wait E_0x625fb4a744b0;
    %pushi/vec4 1, 0, 1;
    %store/vec4 v0x625fb4aa64c0_0, 0, 1;
    %pushi/vec4 2, 0, 5;
    %store/vec4 v0x625fb4aa61b0_0, 0, 5;
    %pushi/vec4 4210752002, 0, 32;
    %store/vec4 v0x625fb4aa5fa0_0, 0, 32;
    %wait E_0x625fb4a744b0;
    %pushi/vec4 1, 0, 1;
    %store/vec4 v0x625fb4aa64c0_0, 0, 1;
    %pushi/vec4 3, 0, 5;
    %store/vec4 v0x625fb4aa61b0_0, 0, 5;
    %pushi/vec4 4210752003, 0, 32;
    %store/vec4 v0x625fb4aa5fa0_0, 0, 32;
    %wait E_0x625fb4a744b0;
    %pushi/vec4 1, 0, 1;
    %store/vec4 v0x625fb4aa64c0_0, 0, 1;
    %pushi/vec4 4, 0, 5;
    %store/vec4 v0x625fb4aa61b0_0, 0, 5;
    %pushi/vec4 4210752004, 0, 32;
    %store/vec4 v0x625fb4aa5fa0_0, 0, 32;
    %wait E_0x625fb4a744b0;
    %pushi/vec4 1, 0, 1;
    %store/vec4 v0x625fb4aa64c0_0, 0, 1;
    %pushi/vec4 5, 0, 5;
    %store/vec4 v0x625fb4aa61b0_0, 0, 5;
    %pushi/vec4 4210752005, 0, 32;
    %store/vec4 v0x625fb4aa5fa0_0, 0, 32;
    %wait E_0x625fb4a744b0;
    %pushi/vec4 1, 0, 1;
    %store/vec4 v0x625fb4aa64c0_0, 0, 1;
    %pushi/vec4 6, 0, 5;
    %store/vec4 v0x625fb4aa61b0_0, 0, 5;
    %pushi/vec4 4210752006, 0, 32;
    %store/vec4 v0x625fb4aa5fa0_0, 0, 32;
    %wait E_0x625fb4a744b0;
    %pushi/vec4 1, 0, 1;
    %store/vec4 v0x625fb4aa64c0_0, 0, 1;
    %pushi/vec4 7, 0, 5;
    %store/vec4 v0x625fb4aa61b0_0, 0, 5;
    %pushi/vec4 4210752007, 0, 32;
    %store/vec4 v0x625fb4aa5fa0_0, 0, 32;
    %wait E_0x625fb4a744b0;
    %pushi/vec4 1, 0, 1;
    %store/vec4 v0x625fb4aa64c0_0, 0, 1;
    %pushi/vec4 8, 0, 5;
    %store/vec4 v0x625fb4aa61b0_0, 0, 5;
    %pushi/vec4 4210752008, 0, 32;
    %store/vec4 v0x625fb4aa5fa0_0, 0, 32;
    %wait E_0x625fb4a744b0;
    %pushi/vec4 1, 0, 1;
    %store/vec4 v0x625fb4aa64c0_0, 0, 1;
    %pushi/vec4 9, 0, 5;
    %store/vec4 v0x625fb4aa61b0_0, 0, 5;
    %pushi/vec4 4210752009, 0, 32;
    %store/vec4 v0x625fb4aa5fa0_0, 0, 32;
    %wait E_0x625fb4a744b0;
    %pushi/vec4 1, 0, 1;
    %store/vec4 v0x625fb4aa64c0_0, 0, 1;
    %pushi/vec4 10, 0, 5;
    %store/vec4 v0x625fb4aa61b0_0, 0, 5;
    %pushi/vec4 4210752010, 0, 32;
    %store/vec4 v0x625fb4aa5fa0_0, 0, 32;
    %wait E_0x625fb4a744b0;
    %pushi/vec4 1, 0, 1;
    %store/vec4 v0x625fb4aa64c0_0, 0, 1;
    %pushi/vec4 11, 0, 5;
    %store/vec4 v0x625fb4aa61b0_0, 0, 5;
    %pushi/vec4 4210752011, 0, 32;
    %store/vec4 v0x625fb4aa5fa0_0, 0, 32;
    %wait E_0x625fb4a744b0;
    %pushi/vec4 1, 0, 1;
    %store/vec4 v0x625fb4aa64c0_0, 0, 1;
    %pushi/vec4 12, 0, 5;
    %store/vec4 v0x625fb4aa61b0_0, 0, 5;
    %pushi/vec4 4210752012, 0, 32;
    %store/vec4 v0x625fb4aa5fa0_0, 0, 32;
    %wait E_0x625fb4a744b0;
    %pushi/vec4 1, 0, 1;
    %store/vec4 v0x625fb4aa64c0_0, 0, 1;
    %pushi/vec4 13, 0, 5;
    %store/vec4 v0x625fb4aa61b0_0, 0, 5;
    %pushi/vec4 4210752013, 0, 32;
    %store/vec4 v0x625fb4aa5fa0_0, 0, 32;
    %wait E_0x625fb4a744b0;
    %pushi/vec4 1, 0, 1;
    %store/vec4 v0x625fb4aa64c0_0, 0, 1;
    %pushi/vec4 14, 0, 5;
    %store/vec4 v0x625fb4aa61b0_0, 0, 5;
    %pushi/vec4 4210752014, 0, 32;
    %store/vec4 v0x625fb4aa5fa0_0, 0, 32;
    %wait E_0x625fb4a744b0;
    %pushi/vec4 1, 0, 1;
    %store/vec4 v0x625fb4aa64c0_0, 0, 1;
    %pushi/vec4 15, 0, 5;
    %store/vec4 v0x625fb4aa61b0_0, 0, 5;
    %pushi/vec4 4210752015, 0, 32;
    %store/vec4 v0x625fb4aa5fa0_0, 0, 32;
    %wait E_0x625fb4a744b0;
    %pushi/vec4 1, 0, 1;
    %store/vec4 v0x625fb4aa64c0_0, 0, 1;
    %pushi/vec4 16, 0, 5;
    %store/vec4 v0x625fb4aa61b0_0, 0, 5;
    %pushi/vec4 4210752016, 0, 32;
    %store/vec4 v0x625fb4aa5fa0_0, 0, 32;
    %wait E_0x625fb4a744b0;
    %pushi/vec4 1, 0, 1;
    %store/vec4 v0x625fb4aa64c0_0, 0, 1;
    %pushi/vec4 17, 0, 5;
    %store/vec4 v0x625fb4aa61b0_0, 0, 5;
    %pushi/vec4 4210752017, 0, 32;
    %store/vec4 v0x625fb4aa5fa0_0, 0, 32;
    %wait E_0x625fb4a744b0;
    %pushi/vec4 1, 0, 1;
    %store/vec4 v0x625fb4aa64c0_0, 0, 1;
    %pushi/vec4 18, 0, 5;
    %store/vec4 v0x625fb4aa61b0_0, 0, 5;
    %pushi/vec4 4210752018, 0, 32;
    %store/vec4 v0x625fb4aa5fa0_0, 0, 32;
    %wait E_0x625fb4a744b0;
    %pushi/vec4 1, 0, 1;
    %store/vec4 v0x625fb4aa64c0_0, 0, 1;
    %pushi/vec4 19, 0, 5;
    %store/vec4 v0x625fb4aa61b0_0, 0, 5;
    %pushi/vec4 4210752019, 0, 32;
    %store/vec4 v0x625fb4aa5fa0_0, 0, 32;
    %wait E_0x625fb4a744b0;
    %pushi/vec4 1, 0, 1;
    %store/vec4 v0x625fb4aa64c0_0, 0, 1;
    %pushi/vec4 20, 0, 5;
    %store/vec4 v0x625fb4aa61b0_0, 0, 5;
    %pushi/vec4 4210752020, 0, 32;
    %store/vec4 v0x625fb4aa5fa0_0, 0, 32;
    %wait E_0x625fb4a744b0;
    %pushi/vec4 1, 0, 1;
    %store/vec4 v0x625fb4aa64c0_0, 0, 1;
    %pushi/vec4 21, 0, 5;
    %store/vec4 v0x625fb4aa61b0_0, 0, 5;
    %pushi/vec4 4210752021, 0, 32;
    %store/vec4 v0x625fb4aa5fa0_0, 0, 32;
    %wait E_0x625fb4a744b0;
    %pushi/vec4 1, 0, 1;
    %store/vec4 v0x625fb4aa64c0_0, 0, 1;
    %pushi/vec4 22, 0, 5;
    %store/vec4 v0x625fb4aa61b0_0, 0, 5;
    %pushi/vec4 4210752022, 0, 32;
    %store/vec4 v0x625fb4aa5fa0_0, 0, 32;
    %wait E_0x625fb4a744b0;
    %pushi/vec4 1, 0, 1;
    %store/vec4 v0x625fb4aa64c0_0, 0, 1;
    %pushi/vec4 23, 0, 5;
    %store/vec4 v0x625fb4aa61b0_0, 0, 5;
    %pushi/vec4 4210752023, 0, 32;
    %store/vec4 v0x625fb4aa5fa0_0, 0, 32;
    %wait E_0x625fb4a744b0;
    %pushi/vec4 1, 0, 1;
    %store/vec4 v0x625fb4aa64c0_0, 0, 1;
    %pushi/vec4 24, 0, 5;
    %store/vec4 v0x625fb4aa61b0_0, 0, 5;
    %pushi/vec4 4210752024, 0, 32;
    %store/vec4 v0x625fb4aa5fa0_0, 0, 32;
    %wait E_0x625fb4a744b0;
    %pushi/vec4 1, 0, 1;
    %store/vec4 v0x625fb4aa64c0_0, 0, 1;
    %pushi/vec4 25, 0, 5;
    %store/vec4 v0x625fb4aa61b0_0, 0, 5;
    %pushi/vec4 4210752025, 0, 32;
    %store/vec4 v0x625fb4aa5fa0_0, 0, 32;
    %wait E_0x625fb4a744b0;
    %pushi/vec4 1, 0, 1;
    %store/vec4 v0x625fb4aa64c0_0, 0, 1;
    %pushi/vec4 26, 0, 5;
    %store/vec4 v0x625fb4aa61b0_0, 0, 5;
    %pushi/vec4 4210752026, 0, 32;
    %store/vec4 v0x625fb4aa5fa0_0, 0, 32;
    %wait E_0x625fb4a744b0;
    %pushi/vec4 1, 0, 1;
    %store/vec4 v0x625fb4aa64c0_0, 0, 1;
    %pushi/vec4 27, 0, 5;
    %store/vec4 v0x625fb4aa61b0_0, 0, 5;
    %pushi/vec4 4210752027, 0, 32;
    %store/vec4 v0x625fb4aa5fa0_0, 0, 32;
    %wait E_0x625fb4a744b0;
    %pushi/vec4 1, 0, 1;
    %store/vec4 v0x625fb4aa64c0_0, 0, 1;
    %pushi/vec4 28, 0, 5;
    %store/vec4 v0x625fb4aa61b0_0, 0, 5;
    %pushi/vec4 4210752028, 0, 32;
    %store/vec4 v0x625fb4aa5fa0_0, 0, 32;
    %wait E_0x625fb4a744b0;
    %pushi/vec4 1, 0, 1;
    %store/vec4 v0x625fb4aa64c0_0, 0, 1;
    %pushi/vec4 29, 0, 5;
    %store/vec4 v0x625fb4aa61b0_0, 0, 5;
    %pushi/vec4 4210752029, 0, 32;
    %store/vec4 v0x625fb4aa5fa0_0, 0, 32;
    %wait E_0x625fb4a744b0;
    %pushi/vec4 1, 0, 1;
    %store/vec4 v0x625fb4aa64c0_0, 0, 1;
    %pushi/vec4 30, 0, 5;
    %store/vec4 v0x625fb4aa61b0_0, 0, 5;
    %pushi/vec4 4210752030, 0, 32;
    %store/vec4 v0x625fb4aa5fa0_0, 0, 32;
    %wait E_0x625fb4a744b0;
    %pushi/vec4 1, 0, 1;
    %store/vec4 v0x625fb4aa64c0_0, 0, 1;
    %pushi/vec4 31, 0, 5;
    %store/vec4 v0x625fb4aa61b0_0, 0, 5;
    %pushi/vec4 4210752031, 0, 32;
    %store/vec4 v0x625fb4aa5fa0_0, 0, 32;
    %wait E_0x625fb4a744b0;
    %pushi/vec4 0, 0, 1;
    %store/vec4 v0x625fb4aa64c0_0, 0, 1;
    %pushi/vec4 0, 0, 32;
    %store/vec4 v0x625fb4aa5fa0_0, 0, 32;
    %pushi/vec4 0, 0, 5;
    %store/vec4 v0x625fb4aa61b0_0, 0, 5;
    %delay 10, 0;
    %pushi/vec4 1, 0, 5;
    %store/vec4 v0x625fb4aa6250_0, 0, 5;
    %pushi/vec4 2, 0, 5;
    %store/vec4 v0x625fb4aa6320_0, 0, 5;
    %delay 10, 0;
    %pushi/vec4 3, 0, 5;
    %store/vec4 v0x625fb4aa6250_0, 0, 5;
    %pushi/vec4 4, 0, 5;
    %store/vec4 v0x625fb4aa6320_0, 0, 5;
    %delay 10, 0;
    %pushi/vec4 5, 0, 5;
    %store/vec4 v0x625fb4aa6250_0, 0, 5;
    %pushi/vec4 6, 0, 5;
    %store/vec4 v0x625fb4aa6320_0, 0, 5;
    %delay 10, 0;
    %pushi/vec4 7, 0, 5;
    %store/vec4 v0x625fb4aa6250_0, 0, 5;
    %pushi/vec4 8, 0, 5;
    %store/vec4 v0x625fb4aa6320_0, 0, 5;
    %delay 10, 0;
    %pushi/vec4 9, 0, 5;
    %store/vec4 v0x625fb4aa6250_0, 0, 5;
    %pushi/vec4 10, 0, 5;
    %store/vec4 v0x625fb4aa6320_0, 0, 5;
    %delay 10, 0;
    %pushi/vec4 11, 0, 5;
    %store/vec4 v0x625fb4aa6250_0, 0, 5;
    %pushi/vec4 12, 0, 5;
    %store/vec4 v0x625fb4aa6320_0, 0, 5;
    %delay 10, 0;
    %pushi/vec4 13, 0, 5;
    %store/vec4 v0x625fb4aa6250_0, 0, 5;
    %pushi/vec4 14, 0, 5;
    %store/vec4 v0x625fb4aa6320_0, 0, 5;
    %delay 10, 0;
    %pushi/vec4 15, 0, 5;
    %store/vec4 v0x625fb4aa6250_0, 0, 5;
    %pushi/vec4 16, 0, 5;
    %store/vec4 v0x625fb4aa6320_0, 0, 5;
    %delay 10, 0;
    %pushi/vec4 17, 0, 5;
    %store/vec4 v0x625fb4aa6250_0, 0, 5;
    %pushi/vec4 18, 0, 5;
    %store/vec4 v0x625fb4aa6320_0, 0, 5;
    %delay 10, 0;
    %pushi/vec4 19, 0, 5;
    %store/vec4 v0x625fb4aa6250_0, 0, 5;
    %pushi/vec4 20, 0, 5;
    %store/vec4 v0x625fb4aa6320_0, 0, 5;
    %delay 10, 0;
    %pushi/vec4 21, 0, 5;
    %store/vec4 v0x625fb4aa6250_0, 0, 5;
    %pushi/vec4 22, 0, 5;
    %store/vec4 v0x625fb4aa6320_0, 0, 5;
    %delay 10, 0;
    %pushi/vec4 23, 0, 5;
    %store/vec4 v0x625fb4aa6250_0, 0, 5;
    %pushi/vec4 24, 0, 5;
    %store/vec4 v0x625fb4aa6320_0, 0, 5;
    %delay 10, 0;
    %pushi/vec4 25, 0, 5;
    %store/vec4 v0x625fb4aa6250_0, 0, 5;
    %pushi/vec4 26, 0, 5;
    %store/vec4 v0x625fb4aa6320_0, 0, 5;
    %delay 10, 0;
    %pushi/vec4 27, 0, 5;
    %store/vec4 v0x625fb4aa6250_0, 0, 5;
    %pushi/vec4 28, 0, 5;
    %store/vec4 v0x625fb4aa6320_0, 0, 5;
    %delay 10, 0;
    %pushi/vec4 29, 0, 5;
    %store/vec4 v0x625fb4aa6250_0, 0, 5;
    %pushi/vec4 30, 0, 5;
    %store/vec4 v0x625fb4aa6320_0, 0, 5;
    %delay 10, 0;
    %pushi/vec4 31, 0, 5;
    %store/vec4 v0x625fb4aa6250_0, 0, 5;
    %pushi/vec4 0, 0, 5;
    %store/vec4 v0x625fb4aa6320_0, 0, 5;
    %delay 10, 0;
    %pushi/vec4 1, 0, 1;
    %store/vec4 v0x625fb4aa63f0_0, 0, 1;
    %delay 1, 0;
    %pushi/vec4 0, 0, 1;
    %store/vec4 v0x625fb4aa63f0_0, 0, 1;
    %delay 9, 0;
    %vpi_call 2 157 "$finish" {0 0 0};
    %end;
    .thread T_4;
# The file index is used to find the file name in the following table.
:file_names 4;
    "N/A";
    "<interactive>";
    "tb/tb_regFile.v";
    "src/regFile.v";
