#! /usr/bin/vvp
:ivl_version "11.0 (stable)";
:ivl_delay_selection "TYPICAL";
:vpi_time_precision + 0;
:vpi_module "/usr/lib/x86_64-linux-gnu/ivl/system.vpi";
:vpi_module "/usr/lib/x86_64-linux-gnu/ivl/vhdl_sys.vpi";
:vpi_module "/usr/lib/x86_64-linux-gnu/ivl/vhdl_textio.vpi";
:vpi_module "/usr/lib/x86_64-linux-gnu/ivl/v2005_math.vpi";
:vpi_module "/usr/lib/x86_64-linux-gnu/ivl/va_math.vpi";
S_0x5e4f958b1b20 .scope module, "tb_signExt" "tb_signExt" 2 1;
 .timescale 0 0;
v0x5e4f958ca610_0 .net "immOut_tb", 31 0, v0x5e4f95873ba0_0;  1 drivers
v0x5e4f958ca700_0 .var "instIn_tb", 31 0;
v0x5e4f958ca7d0_0 .var "opcode_tb", 6 0;
S_0x5e4f958b1cb0 .scope module, "dut" "signExt" 2 5, 3 10 0, S_0x5e4f958b1b20;
 .timescale 0 0;
    .port_info 0 /INPUT 7 "opcode";
    .port_info 1 /INPUT 32 "instIn";
    .port_info 2 /OUTPUT 32 "immOut";
v0x5e4f95873ba0_0 .var "immOut", 31 0;
v0x5e4f958ca3f0_0 .net "instIn", 31 0, v0x5e4f958ca700_0;  1 drivers
v0x5e4f958ca4d0_0 .net "opcode", 6 0, v0x5e4f958ca7d0_0;  1 drivers
E_0x5e4f958aae40 .event edge, v0x5e4f958ca4d0_0, v0x5e4f958ca3f0_0;
    .scope S_0x5e4f958b1cb0;
T_0 ;
    %wait E_0x5e4f958aae40;
    %load/vec4 v0x5e4f958ca4d0_0;
    %dup/vec4;
    %pushi/vec4 55, 0, 7;
    %cmp/u;
    %jmp/1 T_0.0, 6;
    %dup/vec4;
    %pushi/vec4 23, 0, 7;
    %cmp/u;
    %jmp/1 T_0.1, 6;
    %dup/vec4;
    %pushi/vec4 111, 0, 7;
    %cmp/u;
    %jmp/1 T_0.2, 6;
    %dup/vec4;
    %pushi/vec4 103, 0, 7;
    %cmp/u;
    %jmp/1 T_0.3, 6;
    %dup/vec4;
    %pushi/vec4 99, 0, 7;
    %cmp/u;
    %jmp/1 T_0.4, 6;
    %dup/vec4;
    %pushi/vec4 3, 0, 7;
    %cmp/u;
    %jmp/1 T_0.5, 6;
    %dup/vec4;
    %pushi/vec4 19, 0, 7;
    %cmp/u;
    %jmp/1 T_0.6, 6;
    %dup/vec4;
    %pushi/vec4 35, 0, 7;
    %cmp/u;
    %jmp/1 T_0.7, 6;
    %pushi/vec4 0, 0, 32;
    %store/vec4 v0x5e4f95873ba0_0, 0, 32;
    %jmp T_0.9;
T_0.0 ;
    %load/vec4 v0x5e4f958ca3f0_0;
    %parti/s 20, 12, 5;
    %ix/load 4, 12, 0;
    %flag_set/imm 4, 0;
    %store/vec4 v0x5e4f95873ba0_0, 4, 20;
    %pushi/vec4 0, 0, 12;
    %ix/load 4, 0, 0;
    %flag_set/imm 4, 0;
    %store/vec4 v0x5e4f95873ba0_0, 4, 12;
    %jmp T_0.9;
T_0.1 ;
    %load/vec4 v0x5e4f958ca3f0_0;
    %parti/s 20, 12, 5;
    %ix/load 4, 12, 0;
    %flag_set/imm 4, 0;
    %store/vec4 v0x5e4f95873ba0_0, 4, 20;
    %pushi/vec4 0, 0, 12;
    %ix/load 4, 0, 0;
    %flag_set/imm 4, 0;
    %store/vec4 v0x5e4f95873ba0_0, 4, 12;
    %jmp T_0.9;
T_0.2 ;
    %load/vec4 v0x5e4f958ca3f0_0;
    %parti/s 1, 31, 6;
    %replicate 20;
    %load/vec4 v0x5e4f958ca3f0_0;
    %parti/s 8, 12, 5;
    %concat/vec4; draw_concat_vec4
    %load/vec4 v0x5e4f958ca3f0_0;
    %parti/s 1, 13, 5;
    %concat/vec4; draw_concat_vec4
    %load/vec4 v0x5e4f958ca3f0_0;
    %parti/s 10, 21, 6;
    %concat/vec4; draw_concat_vec4
    %concati/vec4 0, 0, 1;
    %pad/u 32;
    %store/vec4 v0x5e4f95873ba0_0, 0, 32;
    %jmp T_0.9;
T_0.3 ;
    %load/vec4 v0x5e4f958ca3f0_0;
    %parti/s 12, 20, 6;
    %ix/load 4, 0, 0;
    %flag_set/imm 4, 0;
    %store/vec4 v0x5e4f95873ba0_0, 4, 12;
    %load/vec4 v0x5e4f958ca3f0_0;
    %parti/s 1, 31, 6;
    %replicate 20;
    %ix/load 4, 12, 0;
    %flag_set/imm 4, 0;
    %store/vec4 v0x5e4f95873ba0_0, 4, 20;
    %jmp T_0.9;
T_0.4 ;
    %load/vec4 v0x5e4f958ca3f0_0;
    %parti/s 1, 31, 6;
    %replicate 20;
    %load/vec4 v0x5e4f958ca3f0_0;
    %parti/s 1, 7, 4;
    %concat/vec4; draw_concat_vec4
    %load/vec4 v0x5e4f958ca3f0_0;
    %parti/s 6, 25, 6;
    %concat/vec4; draw_concat_vec4
    %load/vec4 v0x5e4f958ca3f0_0;
    %parti/s 4, 8, 5;
    %concat/vec4; draw_concat_vec4
    %concati/vec4 0, 0, 1;
    %store/vec4 v0x5e4f95873ba0_0, 0, 32;
    %jmp T_0.9;
T_0.5 ;
    %load/vec4 v0x5e4f958ca3f0_0;
    %parti/s 1, 31, 6;
    %replicate 20;
    %load/vec4 v0x5e4f958ca3f0_0;
    %parti/s 12, 20, 6;
    %concat/vec4; draw_concat_vec4
    %store/vec4 v0x5e4f95873ba0_0, 0, 32;
    %jmp T_0.9;
T_0.6 ;
    %load/vec4 v0x5e4f958ca3f0_0;
    %parti/s 3, 12, 5;
    %cmpi/e 1, 0, 3;
    %flag_mov 8, 4;
    %jmp/0 T_0.10, 8;
    %pushi/vec4 0, 0, 27;
    %load/vec4 v0x5e4f958ca3f0_0;
    %parti/s 5, 20, 6;
    %concat/vec4; draw_concat_vec4
    %jmp/1 T_0.11, 8;
T_0.10 ; End of true expr.
    %load/vec4 v0x5e4f958ca3f0_0;
    %parti/s 1, 31, 6;
    %replicate 20;
    %load/vec4 v0x5e4f958ca3f0_0;
    %parti/s 12, 20, 6;
    %concat/vec4; draw_concat_vec4
    %jmp/0 T_0.11, 8;
 ; End of false expr.
    %blend;
T_0.11;
    %store/vec4 v0x5e4f95873ba0_0, 0, 32;
    %jmp T_0.9;
T_0.7 ;
    %load/vec4 v0x5e4f958ca3f0_0;
    %parti/s 1, 31, 6;
    %replicate 20;
    %load/vec4 v0x5e4f958ca3f0_0;
    %parti/s 7, 25, 6;
    %concat/vec4; draw_concat_vec4
    %load/vec4 v0x5e4f958ca3f0_0;
    %parti/s 5, 7, 4;
    %concat/vec4; draw_concat_vec4
    %store/vec4 v0x5e4f95873ba0_0, 0, 32;
    %jmp T_0.9;
T_0.9 ;
    %pop/vec4 1;
    %jmp T_0;
    .thread T_0, $push;
    .scope S_0x5e4f958b1b20;
T_1 ;
    %vpi_call 2 10 "$dumpfile", "signExt.vcd" {0 0 0};
    %vpi_call 2 11 "$dumpvars", 32'sb00000000000000000000000000000000, S_0x5e4f958b1b20 {0 0 0};
    %pushi/vec4 4294967295, 4294967295, 32;
    %store/vec4 v0x5e4f958ca700_0, 0, 32;
    %delay 1, 0;
    %pushi/vec4 51, 0, 7;
    %store/vec4 v0x5e4f958ca7d0_0, 0, 7;
    %pushi/vec4 18417971, 0, 32;
    %store/vec4 v0x5e4f958ca700_0, 0, 32;
    %delay 1, 0;
    %pushi/vec4 19, 0, 7;
    %store/vec4 v0x5e4f958ca7d0_0, 0, 7;
    %pushi/vec4 4294675347, 0, 32;
    %store/vec4 v0x5e4f958ca700_0, 0, 32;
    %delay 1, 0;
    %pushi/vec4 35, 0, 7;
    %store/vec4 v0x5e4f958ca7d0_0, 0, 7;
    %pushi/vec4 8561187, 0, 32;
    %store/vec4 v0x5e4f958ca700_0, 0, 32;
    %delay 1, 0;
    %pushi/vec4 3, 0, 7;
    %store/vec4 v0x5e4f958ca7d0_0, 0, 7;
    %pushi/vec4 12624515, 0, 32;
    %store/vec4 v0x5e4f958ca700_0, 0, 32;
    %delay 1, 0;
    %pushi/vec4 19, 0, 7;
    %store/vec4 v0x5e4f958ca7d0_0, 0, 7;
    %pushi/vec4 1073827987, 0, 32;
    %store/vec4 v0x5e4f958ca700_0, 0, 32;
    %delay 1, 0;
    %pushi/vec4 99, 0, 7;
    %store/vec4 v0x5e4f958ca7d0_0, 0, 7;
    %pushi/vec4 21783651, 0, 32;
    %store/vec4 v0x5e4f958ca700_0, 0, 32;
    %delay 1, 0;
    %pushi/vec4 103, 0, 7;
    %store/vec4 v0x5e4f958ca7d0_0, 0, 7;
    %pushi/vec4 2146468071, 0, 32;
    %store/vec4 v0x5e4f958ca700_0, 0, 32;
    %delay 1, 0;
    %pushi/vec4 111, 0, 7;
    %store/vec4 v0x5e4f958ca7d0_0, 0, 7;
    %pushi/vec4 111, 0, 32;
    %store/vec4 v0x5e4f958ca700_0, 0, 32;
    %delay 1, 0;
    %pushi/vec4 55, 0, 7;
    %store/vec4 v0x5e4f958ca7d0_0, 0, 7;
    %pushi/vec4 2267246775, 0, 32;
    %store/vec4 v0x5e4f958ca700_0, 0, 32;
    %delay 1, 0;
    %pushi/vec4 23, 0, 7;
    %store/vec4 v0x5e4f958ca7d0_0, 0, 7;
    %pushi/vec4 268437783, 0, 32;
    %store/vec4 v0x5e4f958ca700_0, 0, 32;
    %delay 1, 0;
    %vpi_call 2 33 "$finish" {0 0 0};
    %end;
    .thread T_1;
# The file index is used to find the file name in the following table.
:file_names 4;
    "N/A";
    "<interactive>";
    "./tb/tb_signExt.v";
    "./src/signExt.v";
